[    0.000000] Initializing cgroup subsys cpuset
[    0.000000] Initializing cgroup subsys cpu
[    0.000000] Initializing cgroup subsys cpuacct
[    0.000000] Linux version 4.4.0-210-generic (buildd@lgw01-amd64-009) (gcc version 5.4.0 20160609 (Ubuntu 5.4.0-6ubuntu1~16.04.12) ) #242-Ubuntu SMP Fri Apr 16 09:57:56 UTC 2021 (Ubuntu 4.4.0-210.242-generic 4.4.262)
[    0.000000] Command line: BOOT_IMAGE=/boot/vmlinuz-4.4.0-210-generic root=LABEL=cloudimg-rootfs ro console=tty1 console=ttyS0
[    0.000000] KERNEL supported cpus:
[    0.000000]   Intel GenuineIntel
[    0.000000]   AMD AuthenticAMD
[    0.000000]   Centaur CentaurHauls
[    0.000000] x86/fpu: xstate_offset[2]:  576, xstate_sizes[2]:  256
[    0.000000] x86/fpu: Supporting XSAVE feature 0x01: 'x87 floating point registers'
[    0.000000] x86/fpu: Supporting XSAVE feature 0x02: 'SSE registers'
[    0.000000] x86/fpu: Supporting XSAVE feature 0x04: 'AVX registers'
[    0.000000] x86/fpu: Enabled xstate features 0x7, context size is 832 bytes, using 'standard' format.
[    0.000000] e820: BIOS-provided physical RAM map:
[    0.000000] BIOS-e820: [mem 0x0000000000000000-0x000000000009fbff] usable
[    0.000000] BIOS-e820: [mem 0x000000000009fc00-0x000000000009ffff] reserved
[    0.000000] BIOS-e820: [mem 0x00000000000f0000-0x00000000000fffff] reserved
[    0.000000] BIOS-e820: [mem 0x0000000000100000-0x000000003ffeffff] usable
[    0.000000] BIOS-e820: [mem 0x000000003fff0000-0x000000003fffffff] ACPI data
[    0.000000] BIOS-e820: [mem 0x00000000fec00000-0x00000000fec00fff] reserved
[    0.000000] BIOS-e820: [mem 0x00000000fee00000-0x00000000fee00fff] reserved
[    0.000000] BIOS-e820: [mem 0x00000000fffc0000-0x00000000ffffffff] reserved
[    0.000000] NX (Execute Disable) protection: active
[    0.000000] SMBIOS 2.5 present.
[    0.000000] Hypervisor detected: KVM
[    0.000000] e820: last_pfn = 0x3fff0 max_arch_pfn = 0x400000000
[    0.000000] MTRR: Disabled
[    0.000000] x86/PAT: MTRRs disabled, skipping PAT initialization too.
[    0.000000] CPU MTRRs all blank - virtualized system.
[    0.000000] x86/PAT: Configuration [0-7]: WB  WT  UC- UC  WB  WT  UC- UC  
[    0.000000] found SMP MP-table at [mem 0x0009fff0-0x0009ffff] mapped at [ffff88000009fff0]
[    0.000000] Scanning 1 areas for low memory corruption
[    0.000000] RAMDISK: [mem 0x362dc000-0x37165fff]
[    0.000000] ACPI: Early table checksum verification disabled
[    0.000000] ACPI: RSDP 0x00000000000E0000 000024 (v02 VBOX  )
[    0.000000] ACPI: XSDT 0x000000003FFF0030 00003C (v01 VBOX   VBOXXSDT 00000001 ASL  00000061)
[    0.000000] ACPI: FACP 0x000000003FFF00F0 0000F4 (v04 VBOX   VBOXFACP 00000001 ASL  00000061)
[    0.000000] ACPI: DSDT 0x000000003FFF0610 002353 (v02 VBOX   VBOXBIOS 00000002 INTL 20230628)
[    0.000000] ACPI: FACS 0x000000003FFF0200 000040
[    0.000000] ACPI: FACS 0x000000003FFF0200 000040
[    0.000000] ACPI: APIC 0x000000003FFF0240 00005C (v02 VBOX   VBOXAPIC 00000001 ASL  00000061)
[    0.000000] ACPI: SSDT 0x000000003FFF02A0 00036C (v01 VBOX   VBOXCPUT 00000002 INTL 20230628)
[    0.000000] No NUMA configuration found
[    0.000000] Faking a node at [mem 0x0000000000000000-0x000000003ffeffff]
[    0.000000] NODE_DATA(0) allocated [mem 0x3ffeb000-0x3ffeffff]
[    0.000000] kvm-clock: Using msrs 4b564d01 and 4b564d00
[    0.000000] kvm-clock: cpu 0, msr 0:3ffe3001, primary cpu clock
[    0.000000] kvm-clock: using sched offset of 5709037695 cycles
[    0.000000] clocksource: kvm-clock: mask: 0xffffffffffffffff max_cycles: 0x1cd42e4dffb, max_idle_ns: 881590591483 ns
[    0.000000] Zone ranges:
[    0.000000]   DMA      [mem 0x0000000000001000-0x0000000000ffffff]
[    0.000000]   DMA32    [mem 0x0000000001000000-0x000000003ffeffff]
[    0.000000]   Normal   empty
[    0.000000]   Device   empty
[    0.000000] Movable zone start for each node
[    0.000000] Early memory node ranges
[    0.000000]   node   0: [mem 0x0000000000001000-0x000000000009efff]
[    0.000000]   node   0: [mem 0x0000000000100000-0x000000003ffeffff]
[    0.000000] Initmem setup node 0 [mem 0x0000000000001000-0x000000003ffeffff]
[    0.000000] ACPI: PM-Timer IO Port: 0x4008
[    0.000000] IOAPIC[0]: apic_id 2, version 32, address 0xfec00000, GSI 0-23
[    0.000000] ACPI: INT_SRC_OVR (bus 0 bus_irq 0 global_irq 2 dfl dfl)
[    0.000000] ACPI: INT_SRC_OVR (bus 0 bus_irq 9 global_irq 9 low level)
[    0.000000] Using ACPI (MADT) for SMP configuration information
[    0.000000] smpboot: Allowing 2 CPUs, 0 hotplug CPUs
[    0.000000] PM: Registered nosave memory: [mem 0x00000000-0x00000fff]
[    0.000000] PM: Registered nosave memory: [mem 0x0009f000-0x0009ffff]
[    0.000000] PM: Registered nosave memory: [mem 0x000a0000-0x000effff]
[    0.000000] PM: Registered nosave memory: [mem 0x000f0000-0x000fffff]
[    0.000000] e820: [mem 0x40000000-0xfebfffff] available for PCI devices
[    0.000000] Booting paravirtualized kernel on KVM
[    0.000000] clocksource: refined-jiffies: mask: 0xffffffff max_cycles: 0xffffffff, max_idle_ns: 7645519600211568 ns
[    0.000000] setup_percpu: NR_CPUS:512 nr_cpumask_bits:512 nr_cpu_ids:2 nr_node_ids:1
[    0.000000] PERCPU: Embedded 33 pages/cpu @ffff88003fc00000 s95192 r8192 d31784 u1048576
[    0.000000] Built 1 zonelists in Node order, mobility grouping on.  Total pages: 257912
[    0.000000] Policy zone: DMA32
[    0.000000] Kernel command line: BOOT_IMAGE=/boot/vmlinuz-4.4.0-210-generic root=LABEL=cloudimg-rootfs ro console=tty1 console=ttyS0
[    0.000000] PID hash table entries: 4096 (order: 3, 32768 bytes)
[    0.000000] Memory: 997792K/1048120K available (8644K kernel code, 1332K rwdata, 4044K rodata, 1492K init, 1164K bss, 50328K reserved, 0K cma-reserved)
[    0.000000] SLUB: HWalign=64, Order=0-3, MinObjects=0, CPUs=2, Nodes=1
[    0.000000] Kernel/User page tables isolation: enabled
[    0.000000] Hierarchical RCU implementation.
[    0.000000] 	Build-time adjustment of leaf fanout to 64.
[    0.000000] 	RCU restricting CPUs from NR_CPUS=512 to nr_cpu_ids=2.
[    0.000000] RCU: Adjusting geometry for rcu_fanout_leaf=64, nr_cpu_ids=2
[    0.000000] NR_IRQS:33024 nr_irqs:440 16
[    0.000000] Console: colour VGA+ 80x25
[    0.000000] console [tty1] enabled
[    0.000000] console [ttyS0] enabled
[    0.000000] tsc: Detected 3399.976 MHz processor
[    2.348398] Calibrating delay loop (skipped) preset value.. 6799.95 BogoMIPS (lpj=13599904)
[    2.382240] pid_max: default: 32768 minimum: 301
[    2.400411] ACPI: Core revision 20150930
[    2.417408] ACPI: 2 ACPI AML tables successfully acquired and loaded
[    2.444252] Security Framework initialized
[    2.460908] Yama: becoming mindful.
[    2.475858] AppArmor: AppArmor initialized
[    2.492728] Dentry cache hash table entries: 131072 (order: 8, 1048576 bytes)
[    2.518194] Inode-cache hash table entries: 65536 (order: 7, 524288 bytes)
[    2.542392] Mount-cache hash table entries: 2048 (order: 2, 16384 bytes)
[    2.566177] Mountpoint-cache hash table entries: 2048 (order: 2, 16384 bytes)
[    2.591402] Initializing cgroup subsys io
[    2.607961] Initializing cgroup subsys memory
[    2.625193] Initializing cgroup subsys devices
[    2.642784] Initializing cgroup subsys freezer
[    2.660288] Initializing cgroup subsys net_cls
[    2.677674] Initializing cgroup subsys perf_event
[    2.695812] Initializing cgroup subsys net_prio
[    2.713676] Initializing cgroup subsys hugetlb
[    2.731134] Initializing cgroup subsys pids
[    2.755393] mce: CPU supports 0 MCE banks
[    2.771983] Last level iTLB entries: 4KB 0, 2MB 0, 4MB 0
[    2.791869] Last level dTLB entries: 4KB 0, 2MB 0, 4MB 0, 1GB 0
[    2.813406] Spectre V1 : Mitigation: usercopy/swapgs barriers and __user pointer sanitization
[    2.845504] Spectre V2 : Mitigation: Full generic retpoline
[    2.866234] Spectre V2 : Spectre v2 / SpectreRSB mitigation: Filling RSB on context switch
[    2.897510] Speculative Store Bypass: Vulnerable
[    2.915507] SRBDS: Unknown: Dependent on hypervisor status
[    2.937560] MDS: Mitigation: Clear CPU buffers
[    3.025525] Freeing SMP alternatives memory: 36K
[    3.188782] ftrace: allocating 32380 entries in 127 pages
[    4.169830] smpboot: APIC(0) Converting physical 0 to logical package 0
[    4.193698] smpboot: Max logical packages: 1
[    4.215135] x2apic enabled
[    4.231563] Switched APIC routing to physical x2apic.
[    4.268335] ..TIMER: vector=0x30 apic1=0 pin1=2 apic2=-1 pin2=-1
[    4.399318] smpboot: CPU0: Intel(R) Xeon(R) CPU E3-1240 v3 @ 3.40GHz (family: 0x6, model: 0x3c, stepping: 0x3)
[    4.443674] Performance Events: unsupported p6 CPU model 60 no PMU driver, software events only.
[    4.629713] KVM setup paravirtual spinlock
[    4.647261] x86: Booting SMP configuration:
[    4.664112] .... node  #0, CPUs:      #1
[    4.682577] kvm-clock: cpu 1, msr 0:3ffe3041, secondary cpu clock
[    4.708688] mce: CPU supports 0 MCE banks
[    4.721108] x86: Booted up 1 node, 2 CPUs
[    4.740970] smpboot: Total of 2 processors activated (13599.90 BogoMIPS)
[    4.775273] devtmpfs: initialized
[    4.791998] evm: security.selinux
[    4.806732] evm: security.SMACK64
[    4.822108] evm: security.SMACK64EXEC
[    4.837662] evm: security.SMACK64TRANSMUTE
[    4.855414] evm: security.SMACK64MMAP
[    4.871753] evm: security.ima
[    4.885045] evm: security.capability
[    4.900582] clocksource: jiffies: mask: 0xffffffff max_cycles: 0xffffffff, max_idle_ns: 7645041785100000 ns
[    4.935921] futex hash table entries: 512 (order: 3, 32768 bytes)
[    4.958152] pinctrl core: initialized pinctrl subsystem
[    4.979436] RTC time:  8:37:03, date: 01/29/25
[    4.997403] NET: Registered protocol family 16
[    5.023972] cpuidle: using governor ladder
[    5.051602] cpuidle: using governor menu
[    5.067687] PCCT header not found.
[    5.082216] ACPI: bus type PCI registered
[    5.098347] acpiphp: ACPI Hot Plug PCI Controller Driver version: 0.5
[    5.122614] PCI: Using configuration type 1 for base access
[    5.158553] ACPI: Added _OSI(Module Device)
[    5.175288] ACPI: Added _OSI(Processor Device)
[    5.192808] ACPI: Added _OSI(3.0 _SCP Extensions)
[    5.211026] ACPI: Added _OSI(Processor Aggregator Device)
[    5.235390] ACPI: Executed 1 blocks of module-level executable AML code
[    5.268776] ACPI: Interpreter enabled
[    5.284049] ACPI: (supports S0 S5)
[    5.298714] ACPI: Using IOAPIC for interrupt routing
[    5.318542] PCI: Using host bridge windows from ACPI; if necessary, use "pci=nocrs" and report a bug
[    5.374539] ACPI: PCI Root Bridge [PCI0] (domain 0000 [bus 00-ff])
[    5.397039] acpi PNP0A03:00: _OSC: OS supports [ASPM ClockPM Segments MSI]
[    5.424448] acpi PNP0A03:00: _OSC: not requesting OS control; OS requires [ExtendedConfig ASPM ClockPM MSI]
[    5.463099] acpi PNP0A03:00: fail to add MMCONFIG information, can't access extended PCI configuration space under this bridge.
[    5.510288] PCI host bridge to bus 0000:00
[    5.527363] pci_bus 0000:00: root bus resource [io  0x0000-0x0cf7 window]
[    5.552006] pci_bus 0000:00: root bus resource [io  0x0d00-0xffff window]
[    5.577646] pci_bus 0000:00: root bus resource [mem 0x000a0000-0x000bffff window]
[    5.606685] pci_bus 0000:00: root bus resource [mem 0x40000000-0xfdffffff window]
[    5.636655] pci_bus 0000:00: root bus resource [bus 00-ff]
[    5.696406] pci 0000:00:01.1: legacy IDE quirk: reg 0x10: [io  0x01f0-0x01f7]
[    5.721361] pci 0000:00:01.1: legacy IDE quirk: reg 0x14: [io  0x03f6]
[    5.745266] pci 0000:00:01.1: legacy IDE quirk: reg 0x18: [io  0x0170-0x0177]
[    5.917693] pci 0000:00:01.1: legacy IDE quirk: reg 0x1c: [io  0x0376]
[    6.036610] pci 0000:00:07.0: quirk: [io  0x4000-0x403f] claimed by PIIX4 ACPI
[    6.065066] pci 0000:00:07.0: quirk: [io  0x4100-0x410f] claimed by PIIX4 SMB
[    6.125265] ACPI: PCI Interrupt Link [LNKA] (IRQs 5 9 10 *11)
[    6.159198] ACPI: PCI Interrupt Link [LNKB] (IRQs 5 9 *10 11)
[    6.192303] ACPI: PCI Interrupt Link [LNKC] (IRQs 5 *9 10 11)
[    6.225925] ACPI: PCI Interrupt Link [LNKD] (IRQs 5 9 10 *11)
[    6.260161] ACPI: Enabled 2 GPEs in block 00 to 07
[    6.283450] vgaarb: setting as boot device: PCI:0000:00:02.0
[    6.305466] vgaarb: device added: PCI:0000:00:02.0,decodes=io+mem,owns=io+mem,locks=none
[    6.336210] vgaarb: loaded
[    6.348709] vgaarb: bridge control possible 0000:00:02.0
[    6.369090] SCSI subsystem initialized
[    6.385077] ACPI: bus type USB registered
[    6.401173] usbcore: registered new interface driver usbfs
[    6.421798] usbcore: registered new interface driver hub
[    6.441712] usbcore: registered new device driver usb
[    6.462329] PCI: Using ACPI for IRQ routing
[    6.482740] NetLabel: Initializing
[    6.497158] NetLabel:  domain hash size = 128
[    6.514237] NetLabel:  protocols = UNLABELED CIPSOv4
[    6.537143] NetLabel:  unlabeled traffic allowed by default
[    6.561676] amd_nb: Cannot enumerate AMD northbridges
[    6.581783] clocksource: Switched to clocksource kvm-clock
[    6.608341] AppArmor: AppArmor Filesystem Enabled
[    6.629458] pnp: PnP ACPI init
[    6.650990] pnp: PnP ACPI: found 3 devices
[    6.705677] clocksource: acpi_pm: mask: 0xffffff max_cycles: 0xffffff, max_idle_ns: 2085701024 ns
[    6.738663] NET: Registered protocol family 2
[    6.756576] TCP established hash table entries: 8192 (order: 4, 65536 bytes)
[    6.780994] TCP bind hash table entries: 8192 (order: 5, 131072 bytes)
[    6.804299] TCP: Hash tables configured (established 8192 bind 8192)
[    6.827278] UDP hash table entries: 512 (order: 2, 16384 bytes)
[    6.848913] UDP-Lite hash table entries: 512 (order: 2, 16384 bytes)
[    6.874253] NET: Registered protocol family 1
[    6.891653] pci 0000:00:00.0: Limiting direct PCI/PCI transfers
[    6.913639] pci 0000:00:01.0: Activating ISA DMA hang workarounds
[    6.937670] Unpacking initramfs...
[    7.253616] Freeing initrd memory: 14888K
[    7.270312] RAPL PMU detected, API unit is 2^-32 Joules, 4 fixed counters 10737418240 ms ovfl timer
[    7.305105] hw unit of domain pp0-core 2^-0 Joules
[    7.323674] hw unit of domain package 2^-0 Joules
[    7.341971] hw unit of domain dram 2^-0 Joules
[    7.359476] hw unit of domain pp1-gpu 2^-0 Joules
[    7.378375] clocksource: tsc: mask: 0xffffffffffffffff max_cycles: 0x310237e2144, max_idle_ns: 440795220210 ns
[    7.414622] platform rtc_cmos: registered platform RTC device (no PNP device found)
[    7.443969] Scanning for low memory corruption every 60 seconds
[    7.466370] audit: initializing netlink subsys (disabled)
[    7.486401] audit: type=2000 audit(1738139828.655:1): initialized
[    7.509361] Initialise system trusted keyring
[    7.528050] HugeTLB registered 2 MB page size, pre-allocated 0 pages
[    7.551609] zbud: loaded
[    7.564431] VFS: Disk quotas dquot_6.6.0
[    7.580093] VFS: Dquot-cache hash table entries: 512 (order 0, 4096 bytes)
[    7.604024] squashfs: version 4.0 (2009/01/31) Phillip Lougher
[    7.626402] fuse init (API version 7.23)
[    7.643614] Key type big_key registered
[    7.662625] Allocating IMA MOK and blacklist keyrings.
[    7.691711] Key type asymmetric registered
[    7.710463] Asymmetric key parser 'x509' registered
[    7.732669] Block layer SCSI generic (bsg) driver version 0.4 loaded (major 249)
[    7.766079] io scheduler noop registered
[    7.783084] io scheduler deadline registered (default)
[    7.803686] io scheduler cfq registered
[    7.820774] pci_hotplug: PCI Hot Plug PCI Core version: 0.5
[    7.841672] pciehp: PCI Express Hot Plug Controller Driver version: 0.4
[    7.866350] ACPI: AC Adapter [AC] (on-line)
[    7.884034] input: Power Button as /devices/LNXSYSTM:00/LNXPWRBN:00/input/input0
[    7.913407] ACPI: Power Button [PWRF]
[    7.929655] input: Sleep Button as /devices/LNXSYSTM:00/LNXSLPBN:00/input/input1
[    7.958388] ACPI: Sleep Button [SLPF]
[    7.975319] GHES: HEST is not enabled!
[    7.990742] Serial: 8250/16550 driver, 32 ports, IRQ sharing enabled
[    8.056065] 00:02: ttyS0 at I/O 0x3f8 (irq = 4, base_baud = 115200) is a 16550A
[    8.085755] Linux agpgart interface v0.103
[    8.106739] loop: module loaded
[    8.124698] scsi host0: ata_piix
[    8.139773] scsi host1: ata_piix
[    8.153525] ata1: PATA max UDMA/33 cmd 0x1f0 ctl 0x3f6 bmdma 0xd000 irq 14
[    8.177407] ata2: PATA max UDMA/33 cmd 0x170 ctl 0x376 bmdma 0xd008 irq 15
[    8.201741] libphy: Fixed MDIO Bus: probed
[    8.219918] tun: Universal TUN/TAP device driver, 1.6
[    8.238683] tun: (C) 1999-2004 Max Krasnyansky <maxk@qualcomm.com>
[    8.260700] PPP generic driver version 2.4.2
[    8.277370] ehci_hcd: USB 2.0 'Enhanced' Host Controller (EHCI) Driver
[    8.300853] ehci-pci: EHCI PCI platform driver
[    8.319230] ehci-platform: EHCI generic platform driver
[    8.339087] ohci_hcd: USB 1.1 'Open' Host Controller (OHCI) Driver
[    8.361617] ohci-pci: OHCI PCI platform driver
[    8.382454] ohci-platform: OHCI generic platform driver
[    8.402258] uhci_hcd: USB Universal Host Controller Interface driver
[    8.427155] i8042: PNP: PS/2 Controller [PNP0303:PS2K,PNP0f03:PS2M] at 0x60,0x64 irq 1,12
[    8.512466] serio: i8042 KBD port at 0x60,0x64 irq 1
[    8.531553] serio: i8042 AUX port at 0x60,0x64 irq 12
[    8.551103] mousedev: PS/2 mouse device common for all mice
[    8.578480] rtc_cmos rtc_cmos: rtc core: registered rtc_cmos as rtc0
[    8.602793] input: AT Translated Set 2 keyboard as /devices/platform/i8042/serio0/input/input2
[    8.635320] rtc_cmos rtc_cmos: alarms up to one day, 114 bytes nvram
[    8.635328] i2c /dev entries driver
[    8.635379] device-mapper: uevent: version 1.0.3
[    8.658241] device-mapper: ioctl: 4.34.0-ioctl (2015-10-28) initialised: dm-devel@redhat.com
[    8.658266] ledtrig-cpu: registered to indicate activity on CPUs
[    8.658506] NET: Registered protocol family 10
[    8.658725] NET: Registered protocol family 17
[    8.658742] Key type dns_resolver registered
[    8.658956] registered taskstats version 1
[    8.658970] Loading compiled-in X.509 certificates
[    8.659478] Loaded X.509 cert 'Build time autogenerated kernel key: cf00e047681d67edb2720680708b7d9498083038'
[    8.659499] zswap: loaded using pool lzo/zbud
[    8.667892] Key type trusted registered
[    8.671614] Key type encrypted registered
[    8.671620] AppArmor: AppArmor sha1 policy hashing enabled
[    8.671628] ima: No TPM chip found, activating TPM-bypass!
[    8.671632] ima: Allocated hash algorithm: sha1
[    8.671645] evm: HMAC attrs: 0x1
[    8.674673]   Magic number: 9:576:625
[    8.694549] rtc_cmos rtc_cmos: setting system clock to 2025-01-29 08:37:07 UTC (1738139827)
[    8.694661] BIOS EDD facility v0.16 2004-Jun-25, 0 devices found
[    8.694661] EDD information not available.
[    9.102320] Freeing unused kernel memory: 1492K
[    9.134262] Write protecting the kernel read-only data: 14336k
[    9.157487] Freeing unused kernel memory: 1584K
[    9.175333] Freeing unused kernel memory: 52K
Loading, please wait...
starting version 229
[    9.224000] random: udevadm: uninitialized urandom read (16 bytes read, 4 bits of entropy available)
[    9.225433] random: systemd-udevd: uninitialized urandom read (16 bytes read, 4 bits of entropy available)
[    9.225511] random: systemd-udevd: uninitialized urandom read (16 bytes read, 4 bits of entropy available)
[    9.225523] random: systemd-udevd: uninitialized urandom read (16 bytes read, 4 bits of entropy available)
[    9.225536] random: systemd-udevd: uninitialized urandom read (16 bytes read, 4 bits of entropy available)
[    9.400572] random: udevadm: uninitialized urandom read (16 bytes read, 4 bits of entropy available)
[    9.440444] random: systemd-udevd: uninitialized urandom read (16 bytes read, 4 bits of entropy available)
[    9.455422] random: udevadm: uninitialized urandom read (16 bytes read, 4 bits of entropy available)
[    9.455630] random: udevadm: uninitialized urandom read (16 bytes read, 4 bits of entropy available)
[    9.456056] random: udevadm: uninitialized urandom read (16 bytes read, 4 bits of entropy available)
[    9.632879] Fusion MPT base driver 3.04.20
[    9.653466] Copyright (c) 1999-2008 LSI Corporation
[    9.679992] e1000: Intel(R) PRO/1000 Network Driver - version 7.3.21-k8-NAPI
[    9.706451] e1000: Copyright (c) 1999-2006 Intel Corporation.
[    9.746104] Fusion MPT SPI Host driver 3.04.20
[    9.788492] AVX2 version of gcm_enc/dec engaged.
[    9.807135] AES CTR mode by8 optimization enabled
[   10.259773] input: ImExPS/2 Generic Explorer Mouse as /devices/platform/i8042/serio1/input/input4
[   11.463089] e1000 0000:00:03.0 eth0: (PCI:33MHz:32-bit) 02:be:82:6b:cc:1d
[   11.488044] e1000 0000:00:03.0 eth0: Intel(R) PRO/1000 Network Connection
[   11.519275] e1000 0000:00:03.0 enp0s3: renamed from eth0
[   11.540119] mptbase: ioc0: Initiating bringup
[   11.628785] ioc0: LSI53C1030 A0: Capabilities={Initiator}
[   11.828513] scsi host2: ioc0: LSI53C1030 A0, FwRev=00000000h, Ports=1, MaxQ=256, IRQ=20
[   11.971983] scsi 2:0:0:0: Direct-Access     VBOX     HARDDISK         1.0  PQ: 0 ANSI: 5
[   12.002262] scsi target2:0:0: Beginning Domain Validation
[   12.031165] scsi target2:0:0: Domain Validation skipping write tests
[   12.053554] scsi target2:0:0: Ending Domain Validation
[   12.073054] scsi target2:0:0: asynchronous
[   12.244043] scsi 2:0:1:0: Direct-Access     VBOX     HARDDISK         1.0  PQ: 0 ANSI: 5
[   12.274879] scsi target2:0:1: Beginning Domain Validation
[   12.306164] scsi target2:0:1: Domain Validation skipping write tests
[   12.328606] scsi target2:0:1: Ending Domain Validation
[   12.348048] scsi target2:0:1: asynchronous
[   12.401893] sd 2:0:0:0: Attached scsi generic sg0 type 0
[   12.422844] sd 2:0:0:0: [sda] 83886080 512-byte logical blocks: (42.9 GB/40.0 GiB)
[   12.423570] sd 2:0:1:0: [sdb] 20480 512-byte logical blocks: (10.5 MB/10.0 MiB)
[   12.424793] sd 2:0:1:0: [sdb] Write Protect is off
[   12.426345] sd 2:0:1:0: [sdb] Incomplete mode parameter data
[   12.426346] sd 2:0:1:0: [sdb] Assuming drive cache: write through
[   12.427473] sd 2:0:1:0: Attached scsi generic sg1 type 0
[   12.534319] sd 2:0:1:0: [sdb] Attached SCSI disk
[   12.584720] sd 2:0:0:0: [sda] Write Protect is off
[   12.604932] sd 2:0:0:0: [sda] Incomplete mode parameter data
[   12.625848] sd 2:0:0:0: [sda] Assuming drive cache: write through
[   12.652129]  sda: sda1
[   12.667110] sd 2:0:0:0: [sda] Attached SCSI disk
Begin: Loading essential drivers ... [   17.938517] md: linear personality registered for level -1
[   17.964444] md: multipath personality registered for level -4
[   17.989837] md: raid0 personality registered for level 0
[   18.028405] md: raid1 personality registered for level 1
[   18.121950] raid6: sse2x1   gen() 11042 MB/s
[   18.205948] raid6: sse2x1   xor()  8680 MB/s
[   18.289958] raid6: sse2x2   gen() 13965 MB/s
[   18.373944] raid6: sse2x2   xor()  9411 MB/s
[   18.457948] raid6: sse2x4   gen() 16118 MB/s
[   18.541948] raid6: sse2x4   xor() 11010 MB/s
[   18.625947] raid6: avx2x1   gen() 21268 MB/s
[   18.710123] raid6: avx2x2   gen() 23275 MB/s
[   18.797962] raid6: avx2x4   gen() 27458 MB/s
[   18.814778] raid6: using algorithm avx2x4 gen() 27458 MB/s
[   18.835052] raid6: using avx2x2 recovery algorithm
[   18.856213] xor: automatically using best checksumming function:
[   18.954635]    avx       : 123132.000 MB/sec
[   18.974995] async_tx: api initialized (async)
[   19.046913] md: raid6 personality registered for level 6
[   19.067530] md: raid5 personality registered for level 5
[   19.087361] md: raid4 personality registered for level 4
[   19.132896] md: raid10 personality registered for level 10
done.
Begin: Running /scripts/init-premount ... done.
Begin: Mounting root file system ... Begin: Running /scripts/local-top ... done.
Begin: Running /scripts/local-premount ... [   19.277991] Btrfs loaded
Scanning for Btrfs filesystems
done.
Warning: fsck not present, so skipping root file system
[   19.381517] EXT4-fs (sda1): mounted filesystem with ordered data mode. Opts: (null)
done.
Begin: Running /scripts/local-bottom ... done.
Begin: Running /scripts/init-bottom ... done.
[   19.962299] systemd[1]: systemd 229 running in system mode. (+PAM +AUDIT +SELINUX +IMA +APPARMOR +SMACK +SYSVINIT +UTMP +LIBCRYPTSETUP +GCRYPT +GNUTLS +ACL +XZ -LZ4 +SECCOMP +BLKID +ELFUTILS +KMOD -IDN)
[   20.024063] systemd[1]: Detected virtualization oracle.
[   20.043929] systemd[1]: Detected architecture x86-64.

Welcome to [1mUbuntu 16.04.7 LTS[0m!

[   20.113615] systemd[1]: Set hostname to <ubuntu>.
[   20.147555] systemd[1]: Initializing machine ID from random generator.
[   20.171239] systemd[1]: Installed transient /etc/machine-id file.
[   20.411482] random: nonblocking pool is initialized
[   20.644137] systemd[1]: Listening on Syslog Socket.
[[0;32m  OK  [0m] Listening on Syslog Socket.
[   20.679779] systemd[1]: Listening on Journal Socket.
[[0;32m  OK  [0m] Listening on Journal Socket.
[   20.711548] systemd[1]: Listening on udev Control Socket.
[[0;32m  OK  [0m] Listening on udev Control Socket.
[   20.747541] systemd[1]: Listening on /dev/initctl Compatibility Named Pipe.
[[0;32m  OK  [0m] Listening on /dev/initctl Compatibility Named Pipe.
[   20.792076] systemd[1]: Created slice User and Session Slice.
[[0;32m  OK  [0m] Created slice User and Session Slice.
[   20.825140] systemd[1]: Listening on Device-mapper event daemon FIFOs.
[[0;32m  OK  [0m] Listening on Device-mapper event daemon FIFOs.
[   20.867725] systemd[1]: Reached target System Time Synchronized.
[[0;32m  OK  [0m] Reached target System Time Synchronized.
[   20.901423] systemd[1]: Created slice System Slice.
[[0;32m  OK  [0m] Created slice System Slice.
[   20.943944] systemd[1]: Created slice system-serial\x2dgetty.slice.
[[0;32m  OK  [0m] Created slice system-serial\x2dgetty.slice.
[   21.014836] systemd[1]: Starting Create list of required static device nodes for the current kernel...
         Starting Create list of required st... nodes for the current kernel...
[   21.076447] systemd[1]: Mounting POSIX Message Queue File System...
         Mounting POSIX Message Queue File System...
[   21.123979] systemd[1]: Starting Load Kernel Modules...
         Starting Load Kernel Modules...
[   21.163543] systemd[1]: Set up automount Arbitrary Executable File Formats File System Automount Point.
[   21.202969] Loading iSCSI transport class v2.0-870.
[[0;32m  OK  [0m] Set up automount Arbitrary Executab...ats File System Automount Point.
[   21.250356] systemd[1]: Mounting Huge Pages File System...
         Mounting Huge Pages File System...
[   21.287501] systemd[1]: Reached target User and Group Name Lookups.
[   21.314405] iscsi: registered transport (tcp)
[[0;32m  OK  [0m] Reached target User and Group Name Lookups.
[   21.348010] systemd[1]: Listening on LVM2 poll daemon socket.
[[0;32m  OK  [0m] Listening on LVM2 poll daemon socket.
[   21.384283] systemd[1]: Reached target Slices.
[[0;32m  OK  [0m] Reached target Slices.
[   21.417489] systemd[1]: Listening on fsck to fsckd communication Socket.
[[0;32m  OK  [0m] Listening on fsck to fsckd communication Socket.
[   21.494509] systemd[1]: Starting File System Check on Root Device...
         Starting File System Check on Root Device...
[   21.540676] systemd[1]: Starting Nameserver information manager...
         Starting Nameserver information manager...
[   21.584507] systemd[1]: Starting Set console keymap...
[   21.610630] iscsi: registered transport (iser)
         Starting Set console keymap...
[   21.623686] systemd[1]: Started Trigger resolvconf update for networkd DNS.
[[0;32m  OK  [0m] Started Trigger resolvconf update for networkd DNS.
[   21.682405] systemd[1]: Started Forward Password Requests to Wall Directory Watch.
[[0;32m  OK  [0m] Started Forward Password Requests to Wall Directory Watch.
[   21.754383] systemd[1]: Mounting Debug File System...
         Mounting Debug File System...
[   21.786090] systemd[1]: Listening on udev Kernel Socket.
[[0;32m  OK  [0m] Listening on udev Kernel Socket.
[   21.819569] systemd[1]: Listening on Journal Audit Socket.
[[0;32m  OK  [0m] Listening on Journal Audit Socket.
[   21.855736] systemd[1]: Reached target Swap.
[[0;32m  OK  [0m] Reached target Swap.
[   21.882566] systemd[1]: Reached target Encrypted Volumes.
[[0;32m  OK  [0m] Reached target Encrypted Volumes.
[   21.915530] systemd[1]: Listening on Journal Socket (/dev/log).
[[0;32m  OK  [0m] Listening on Journal Socket (/dev/log).
[   21.958473] systemd[1]: Starting Journal Service...
         Starting Journal Service...
[   21.996273] systemd[1]: Starting Uncomplicated firewall...
         Starting Uncomplicated firewall...
[   22.029719] systemd[1]: Listening on LVM2 metadata daemon socket.
[[0;32m  OK  [0m] Listening on LVM2 metadata daemon socket.
[   22.077676] systemd[1]: Starting Monitoring of LVM2 mirrors, snapshots etc. using dmeventd or progress polling...
         Starting Monitoring of LVM2 mirrors... dmeventd or progress polling...
[   22.167016] systemd[1]: Mounted Huge Pages File System.
[[0;32m  OK  [0m] Mounted Huge Pages File System.
[   22.201526] systemd[1]: Mounted POSIX Message Queue File System.
[[0;32m  OK  [0m] Mounted POSIX Message Queue File System.
[   22.237064] systemd[1]: Mounted Debug File System.
[[0;32m  OK  [0m] Mounted Debug File System.
[   22.267619] systemd[1]: Started Journal Service.
[[0;32m  OK  [0m] Started Journal Service.
[[0;32m  OK  [0m] Started Create list of required sta...ce nodes for the current kernel.
[[0;32m  OK  [0m] Started Load Kernel Modules.
[[0;32m  OK  [0m] Started File System Check on Root Device.
[[0;32m  OK  [0m] Started Set console keymap.
[[0;32m  OK  [0m] Started Uncomplicated firewall.
[[0;32m  OK  [0m] Started Nameserver information manager.
[[0;32m  OK  [0m] Started File System Check Daemon to report status.
[[0;32m  OK  [0m] Started LVM2 metadata daemon.
         Starting Remount Root and Kernel File Systems...
         Mounting FUSE Control File System...
[   22.481294] EXT4-fs (sda1): re-mounted. Opts: (null)
         Starting Apply Kernel Variables...
         Starting Create Static Device Nodes in /dev...
[[0;32m  OK  [0m] Mounted FUSE Control File System.
[[0;32m  OK  [0m] Started Remount Root and Kernel File Systems.
[[0;32m  OK  [0m] Started Apply Kernel Variables.
         Starting Load/Save Random Seed...
         Starting udev Coldplug all Devices...
         Starting Flush Journal to Persistent Storage...
[[0;32m  OK  [0m] Started Load/Save Random Seed.
[[0;32m  OK  [0m] Started Create Static Device Nodes in /dev.
         Starting udev Kernel Device Manager...
[[0;32m  OK  [0m] Started Flush Journal to Persistent Storage.
[[0;32m  OK  [0m] Started udev Coldplug all Devices.
[[0;32m  OK  [0m] Started Monitoring of LVM2 mirrors,...ng dmeventd or progress polling.
[[0;32m  OK  [0m] Reached target Local File Systems (Pre).
[[0;32m  OK  [0m] Reached target Local File Systems.
         Starting Commit a transient machine-id on disk...
         Starting Set console font and keymap...
         Starting LSB: AppArmor initialization...
         Starting Initial cloud-init job (pre-networking)...
         Starting Create Volatile Files and Directories...
         Starting Tell Plymouth To Write Out Runtime Data...
[[0;32m  OK  [0m] Started udev Kernel Device Manager.
[[0;32m  OK  [0m] Started Commit a transient machine-id on disk.
[[0;32m  OK  [0m] Started Create Volatile Files and Directories.
[[0;32m  OK  [0m] Started Tell Plymouth To Write Out Runtime Data.
[[0;32m  OK  [0m] Found device /dev/ttyS0.
         Starting Update UTMP about System Boot/Shutdown...
[[0;32m  OK  [0m] Started Dispatch Password Requests to Console Directory Watch.
[[0;32m  OK  [0m] Listening on Load/Save RF Kill Switch Status /dev/rfkill Watch.
[[0;32m  OK  [0m] Started LSB: AppArmor initialization.
[   20.795238] cloud-init[509]: Cloud-init v. 21.1-19-gbad84ad4-0ubuntu1~16.04.2 running 'init-local' at Wed, 29 Jan 2025 08:37:24 +0000. Up 20.09 seconds.
[[0;32m  OK  [0m] Started Initial cloud-init job (pre-networking).
[[0;32m  OK  [0m] Reached target Network (Pre).
         Starting Load AppArmor profiles managed internally by snapd...
         Starting Raise network interfaces...
[[0;32m  OK  [0m] Started Update UTMP about System Boot/Shutdown.
[[0;32m  OK  [0m] Started Load AppArmor profiles managed internally by snapd.
[[0;32m  OK  [0m] Started Set console font and keymap.
[[0;32m  OK  [0m] Created slice system-getty.slice.
[[0;32m  OK  [0m] Started Raise network interfaces.
[[0;32m  OK  [0m] Reached target Network.
         Starting Initial cloud-init job (metadata service crawler)...
[   32.684027] cloud-init[957]: Cloud-init v. 21.1-19-gbad84ad4-0ubuntu1~16.04.2 running 'init' at Wed, 29 Jan 2025 08:37:35 +0000. Up 31.51 seconds.
[   32.743280] cloud-init[957]: ci-info: ++++++++++++++++++++++++++++++++++++++Net device info++++++++++++++++++++++++++++++++++++++
[[   32.781119] cloud-init[0;32m  OK  [0m[957]: ci-info: +--------+------+----------------------------+---------------+--------+-------------------+
] Started Initial cloud-init job (metadata service crawler).
[[0;32m  OK  [0m] Reached target Network is Online.
[   32.838362]          Starting iSCSI initiator daemon (iscsid)...
[[0;32m  OK  [0m] Reached target Cloud-config availability.
[[0;32m  OK  [0m] Reached target System Initialization.
cloud-init[957]: ci-info: | Device |  Up  |          Address           |      Mask     | Scope  |     Hw-Address    |
[   32.911385] cloud-init[957]: ci-info: +--------+------+----------------------------+---------------+--------+-------------------+
         [   32.941960] Starting LXD - unix socket.cloud-init
[957]: ci-info: | enp0s3 | True |         10.0.2.15          | 255.255.255.0 | global | 02:be:82:6b:cc:1d |
[[   32.969763] [0;32m  OK  [0mcloud-init] [957]: Listening on D-Bus System Message Bus Socket.ci-info: | enp0s3 | True | fe80::be:82ff:fe6b:cc1d/64 |       .       |  link  | 02:be:82:6b:cc:1d |

[   33.006092] cloud-init[957]: ci-info: |   lo   | True |         127.0.0.1          |   255.0.0.0   |  host  |         .         |
[   33.009519] cloud-init[957]: ci-info: |   lo   | True |          ::1/128           |       .       |  host  |         .         |
[   33.009556] cloud-init[957]: ci-info: +--------+------+----------------------------+---------------+--------+-------------------+
[   33.039359] cloud-init[957]: ci-info: +++++++++++++++++++++++++++Route IPv4 info++++++++++++++++++++++++++++
[   33.055288] cloud-init[957]: ci-info: +-------+-------------+----------+---------------+-----------+-------+
[   33.055327] cloud-init[957]: ci-info: | Route | Destination | Gateway  |    Genmask    | Interface | Flags |
[   33.055358] cloud-init[957]: ci-info: +-------+-------------+----------+---------------+-----------+-------+
[   33.055408] cloud-init[957]: ci-info: |   0   |   0.0.0.0   | 10.0.2.2 |    0.0.0.0    |   enp0s3  |   UG  |
[   33.081025] cloud-init[957]: ci-info: |   1   |   10.0.2.0  | 0.0.0.0  | 255.255.255.0 |   enp0s3  |   U   |
[   33.081066] cloud-init[957]: ci-info: +-------+-------------+----------+---------------+-----------+-------+
[   33.081097] cloud-init[957]: ci-info: +++++++++++++++++++Route IPv6 info+++++++++++++++++++
[   33.081128] cloud-init[957]: ci-info: +-------+-------------+---------+-----------+-------+
[[0;32m  OK  [0m] Started Ubuntu Advantage update messaging.
[[0;32m  OK  [0m] Started Daily apt download activities.
[   33.081159] cloud-init[957]: ci-info: | Route | Destination | Gateway | Interface | Flags |
         [   33.221829] Starting Socket activation for snappy daemon.cloud-init
[957]: ci-info: +-------+-------------+---------+-----------+-------+
[[   33.242853] [0;32m  OK  [0mcloud-init] [957]: Started Daily apt upgrade and clean activities.ci-info: |   0   |  fe80::/64  |    ::   |   enp0s3  |   U   |

[[   33.273690] cloud-init[957]: ci-info: |   3   |   ff00::/8  |    ::   |   enp0s3  |   U   |
[   33.278002] cloud-init[957]: ci-info: +-------+-------------+---------+-----------+-------+
[   33.278412] cloud-init[957]: Generating public/private rsa key pair.
[   33.298372] cloud-init[957]: Your identification has been saved in /etc/ssh/ssh_host_rsa_key.
[   33.298408] cloud-init[957]: Your public key has been saved in /etc/ssh/ssh_host_rsa_key.pub.
[   33.298439] cloud-init[957]: The key fingerprint is:
[0;32m  OK  [0m] Started Message of the Day.
[[   33.298619] [0;32m  OK  [0mcloud-init] [957]: Listening on UUID daemon activation socket.SHA256:LzeAG9+aS9V/yQJCNHSrdKHStYwDmf79BHkExJWnn7M root@ubuntu-xenial

[[   33.361380] [0;32m  OK  [0mcloud-init] [957]: Listening on ACPID Listen Socket.The key's randomart image is:

[   33.414083] cloud-init[957]: +---[RSA 2048]----+
[   33.417543] cloud-init[957]: |       .++o*o..  |
[   33.417579] cloud-init[957]: |       o+ B.+o . |
[   33.417610] cloud-init[957]: |      .. B =o o  |
[   33.437335] cloud-init[957]: |       o+ ++ o   |
[   33.439507] cloud-init[957]: |      o Soo.+ . .|
[[0;32m  OK  [0m] Started Daily Cleanup of Temporary Directories.
[[0;32m  OK  [0m] Reached target Timers.
[   33.439550] cloud-init[957]: |       + *...o.+.|
[   33.498441] cloud-init[957]: |      . + = o..o+|
[   33.501729] cloud-init[957]: |       . = . ..E |
[   33.501784] cloud-init[957]: |        +.       |
[   33.501847] cloud-init[957]: +----[SHA256]-----+
[   33.523426] cloud-init[957]: Generating public/private dsa key pair.
[   33.523463] cloud-init[957]: Your identification has been saved in /etc/ssh/ssh_host_dsa_key.
[[0;32m  OK  [0m] Started ACPI Events Check.
[[   33.523540] [0;32m  OK  [0mcloud-init] [957]: Reached target Paths.Your public key has been saved in /etc/ssh/ssh_host_dsa_key.pub.

[   33.563231] cloud-init[957]: The key fingerprint is:
[[   33.606108] [0;32m  OK  [0mcloud-init] [957]: Listening on LXD - unix socket.SHA256:WRwkJlDgxwq8Q4b3cykiL2qtI+gMFiPjhMuqJslwgek root@ubuntu-xenial

[[0;32m  OK  [0m] Listening on Socket activation for snappy daemon.
[[0;32m  OK  [0m] Started iSCSI initiator daemon (iscsid).
[   33.610128] cloud-init[957]: The key's randomart image is:
[   33.683528] cloud-init[957]: +---[DSA 1024]----+
[   33.700918] cloud-init         [957]: Starting Login to default iSCSI targets...|    o+o o.o      |

[   33.732380] cloud-init[957]: | o . . o o .     |
[   33.732514] cloud-init[957]: |.o* . o   o      |
[   33.732556] [[0;32m  OK  [0m] Reached target Sockets.
[[0;32m  OK  [0m] Reached target Basic System.
cloud-init[957]: |++.+ o . o       |
[[0;32m  OK  [0m] Started D-Bus System Message Bus.
[   33.766017] cloud-init[957]: |*++.= o S        |
[   33.783646] cloud-init[957]: |*E+o +           |
[   33.798476] cloud-init[957]: |B*o              |
[   33.813439] cloud-init[957]: |@* .             |
[   33.829270] cloud-init[957]: |@+o              |
[   33.843568] cloud-init[957]: +----[SHA256]-----+
[   33.858794] cloud-init[957]: Generating public/private ecdsa key pair.
[   33.877598] cloud-init[957]: Your identification has been saved in /etc/ssh/ssh_host_ecdsa_key.
[   33.908580] cloud-init[957]: Your public key has been saved in /etc/ssh/ssh_host_ecdsa_key.pub.
[   33.938065] cloud-init[957]: The key fingerprint is:
[   33.962175] cloud-init[957]: SHA256:U+GFIlpbQyq2pqi71VQAtQ0OHbeCavZDot2pr1qgQeM root@ubuntu-xenial
[   33.989253] cloud-init[957]: The key's randomart image is:
[   34.015900] cloud-init[957]: +---[ECDSA 256]---+
[   34.037421] cloud-init[957]: |  o+=.... ...    |
[   34.061132] cloud-init[957]: |   +.*oo+..o     |
[   34.078098] cloud-init[957]: | o. *o=+ oo      |
[   34.081688] cloud-init[957]: |o....=.  .       |
[   34.081724] cloud-init[957]: |+E .+   S        |
[   34.081758] cloud-init[957]: |==+* .   .       |
[   34.102422] cloud-init[957]: |+ =o+            |
[   34.103076] cloud-init[957]: |.o ..            |
[   34.111573] cloud-init[957]: |=+oo.            |
[   34.111612] cloud-init[957]: +----[SHA256]-----+
[   34.111643] cloud-init[957]: Generating public/private ed25519 key pair.
[   34.111675] cloud-init[957]: Your identification has been saved in /etc/ssh/ssh_host_ed25519_key.
[   34.111706] cloud-init[957]: Your public key has been saved in /etc/ssh/ssh_host_ed25519_key.pub.
[   34.119465] cloud-init[957]: The key fingerprint is:
[   34.119556] cloud-init[957]: SHA256:99U0QvYWb+BazcwbdP5MxWz76JP2Fr/O290Mq7cxuJE root@ubuntu-xenial
[   34.119592] cloud-init[957]: The key's randomart image is:
[   34.119623] cloud-init[957]: +--[ED25519 256]--+
         Starting LXD - container startup/shutdown...
[   34.119655] cloud-init[957]: |             o.=o|
[   34.256980]          Starting Login Service...
cloud-init[957]: |            o.oBO|
[   34.282121] cloud-init         Starting Pollinate to seed the pseudo random number generator...
[957]: |             .o*%|
[   34.313980] cloud-init[957]: |             ooB=|
[   34.326851] cloud-init[957]: |        S . . .o=|
[   34.346021] cloud-init[957]: |         . . +...|
[[0;32m  OK  [0m] Started ACPI event daemon.
         Starting System Logging Service...
         Starting /etc/rc.local Compatibility...
         Starting LSB: MD monitoring daemon...
[   34.365965] cloud-init[957]: |            E.+.o|
         Starting Accounts Service...
[   34.417567] cloud-init[957]: |             oB**|
[   34.461313] cloud-init[957]: |            o++XO|
[   34.465988] cloud-init[957]: +----[SHA256]-----+
         Starting Virtualbox guest utils...
[[0;32m  OK  [0m] Started Regular background program processing daemon.
         Starting LSB: Record successful boot for GRUB...
[[0;32m  OK  [0m] Started Deferred execution scheduler.
[[0;32m  OK  [0m] Started FUSE filesystem for LXC.
         Starting Snap Daemon...
[[0;32m  OK  [0m] Started /etc/rc.local Compatibility.
[[0;32m  OK  [0m] Started Login Service.
[[0;32m  OK  [0m] Started System Logging Service.
[[0;32m  OK  [0m] Started Unattended Upgrades Shutdown.
[[0;32m  OK  [0m] Started LSB: MD monitoring daemon.
[[0;32m  OK  [0m] Started LSB: Record successful boot for GRUB.
[[0;32m  OK  [0m] Started Login to default iSCSI targets.
         Starting Authenticate and Authorize Users to Run Privileged Tasks...
[[0;32m  OK  [0m] Reached target Remote File Systems (Pre).
[[0;32m  OK  [0m] Reached target Remote File Systems.
         Starting LSB: Set the CPU Frequency Scaling governor to "ondemand"...
         Starting LSB: automatic crash report generation...
         Starting Permit User Sessions...
         Starting LSB: daemon to balance interrupts for SMP systems...
[[0;32m  OK  [0m] Started Permit User Sessions.
[[0;32m  OK  [0m] Started Authenticate and Authorize Users to Run Privileged Tasks.
[[0;32m  OK  [0m] Started Accounts Service.
[[0;32m  OK  [0m] Started Virtualbox guest utils.
         Starting Terminate Plymouth Boot Screen...
         Starting Hold until boot process finishes up...
[[0;32m  OK  [0m] Started LSB: Set the CPU Frequency Scaling governor to "ondemand".
[[0;32m  OK  [0m] Started LSB: automatic crash report generation.
[[0;32m  OK  [0m] Started Terminate Plymouth Boot Screen.
[[0;32m  OK  [0m] Started Hold until boot process finishes up.
[[0;32m  OK  [0m] Started Getty on tty1.
[[0;32m  OK  [0m] Started Serial Getty on ttyS0.
[[0;32m  OK  [0m] Reached target Login Prompts.
         Starting Set console scheme...
[[0;32m  OK  [0m] Started LSB: daemon to balance interrupts for SMP systems.
[[0;32m  OK  [0m] Started Set console scheme.
[[0;32m  OK  [0m] Started LXD - container startup/shutdown.
[[0;32m  OK  [0m] Started Pollinate to seed the pseudo random number generator.
         Starting OpenBSD Secure Shell server...
[[0;32m  OK  [0m] Started OpenBSD Secure Shell server.
[[0;32m  OK  [0m] Started Snap Daemon.
         Starting Wait until snapd is fully seeded...
[[0;32m  OK  [0m] Created slice User Slice of vagrant.
         Starting User Manager for UID 1000...
[[0;32m  OK  [0m] Started Session 1 of user vagrant.
[[0;32m  OK  [0m] Started User Manager for UID 1000.
[[0;32m  OK  [0m] Started Wait until snapd is fully seeded.
         Starting Apply the settings specified in cloud-config...
[[0;32m  OK  [0m] Reached target Multi-User System.
[[0;32m  OK  [0m] Reached target Graphical Interface.
         Starting Update UTMP about System Runlevel Changes...
[[0;32m  OK  [0m] Started Update UTMP about System Runlevel Changes.
[   39.206073] cloud-init[1427]: Generating locales (this might take a while)...
[   40.175868] cloud-init[1427]:   en_US.UTF-8... done
[   40.193527] cloud-init[1427]: Generation complete.
[   41.072721] cloud-init[1427]: Cloud-init v. 21.1-19-gbad84ad4-0ubuntu1~16.04.2 running 'modules:config' at Wed, 29 Jan 2025 08:37:43 +0000. Up 39.04 seconds.
ci-info: no authorized SSH keys fingerprints found for user ubuntu.
<14>Jan 29 08:37:45 ec2: 
<14>Jan 29 08:37:45 ec2: #############################################################
<14>Jan 29 08:37:45 ec2: -----BEGIN SSH HOST KEY FINGERPRINTS-----
<14>Jan 29 08:37:45 ec2: 1024 SHA256:WRwkJlDgxwq8Q4b3cykiL2qtI+gMFiPjhMuqJslwgek root@ubuntu-xenial (DSA)
<14>Jan 29 08:37:45 ec2: 256 SHA256:U+GFIlpbQyq2pqi71VQAtQ0OHbeCavZDot2pr1qgQeM root@ubuntu-xenial (ECDSA)
<14>Jan 29 08:37:45 ec2: 256 SHA256:99U0QvYWb+BazcwbdP5MxWz76JP2Fr/O290Mq7cxuJE root@ubuntu-xenial (ED25519)
<14>Jan 29 08:37:45 ec2: 2048 SHA256:LzeAG9+aS9V/yQJCNHSrdKHStYwDmf79BHkExJWnn7M root@ubuntu-xenial (RSA)
<14>Jan 29 08:37:45 ec2: -----END SSH HOST KEY FINGERPRINTS-----
<14>Jan 29 08:37:45 ec2: #############################################################
-----BEGIN SSH HOST KEY KEYS-----
ecdsa-sha2-nistp256 AAAAE2VjZHNhLXNoYTItbmlzdHAyNTYAAAAIbmlzdHAyNTYAAABBBBlLwGkQTInocisn2hJHCKggT8i2KrcCCIOmssIgj1BaUJda7G0L5zhOaOSZmQR5mCXtJ6BJrJKhQw5ZKh/fozI= root@ubuntu-xenial
ssh-ed25519 AAAAC3NzaC1lZDI1NTE5AAAAILL2ckq8JcUMw0+8Ra1XqFLUdGv0sjNiLCqUx/6YfRKy root@ubuntu-xenial
ssh-rsa AAAAB3NzaC1yc2EAAAADAQABAAABAQCW10lTOm6em9ZT2PxkmOWqoIgah9NOlQxlGjwtY0LX51knDn+x8Uw3Ylc1xu8D8DdecqVZAD9rb9XoJ3etZ7D3EktaaONvmBWC03dMioMsq45snaz3uRTCJmh9rd+/CEBVhknNNOh9SECjOIa43X1FkLM9QxB46Yugez5ZcIqzpv3OPsn6NQvNNc/ot8LRE6w0Ix2bfpyQjRfL4nwg5dfsnVQOvckMnVDG150XZBvpymxvkiVXEkBqiVuJkqwkaheuvGqpqp9b7cYUzANHZyFwYhyEo1Am60arFS82J7Xrcx7yRhSiYVvXia9Eq6BVJlsOJBkJNWB1jdHI8W9/E04j root@ubuntu-xenial
-----END SSH HOST KEY KEYS-----
[   41.953404] cloud-init[1592]: Cloud-init v. 21.1-19-gbad84ad4-0ubuntu1~16.04.2 running 'modules:final' at Wed, 29 Jan 2025 08:37:45 +0000. Up 41.48 seconds.
[   41.953638] cloud-init[1592]: ci-info: no authorized SSH keys fingerprints found for user ubuntu.
[   41.981126] cloud-init[1592]: Cloud-init v. 21.1-19-gbad84ad4-0ubuntu1~16.04.2 finished at Wed, 29 Jan 2025 08:37:45 +0000. Datasource DataSourceNoCloud [seed=/dev/sdb][dsmode=net].  Up 41.82 seconds

Ubuntu 16.04.7 LTS ubuntu-xenial ttyS0

ubuntu-xenial login: [[0;32m  OK  [0m] Closed Load/Save RF Kill Switch Status /dev/rfkill Watch.
         Stopping Session 3 of user vagrant.
         Stopping Authenticate and Authorize Users to Run Privileged Tasks...
         Stopping ACPI event daemon...
[[0;32m  OK  [0m] Stopped target Graphical Interface.
         Stopping Accounts Service...
         Stopping User Manager for UID 1000...
[[0;32m  OK  [0m] Stopped target Timers.
[[0;32m  OK  [0m] Stopped Ubuntu Advantage update messaging.
[[0;32m  OK  [0m] Stopped Daily Cleanup of Temporary Directories.
[[0;32m  OK  [0m] Stopped Daily apt upgrade and clean activities.
[[0;32m  OK  [0m] Stopped Daily apt download activities.
[[0;32m  OK  [0m] Stopped target Cloud-init target.
[[0;32m  OK  [0m] Stopped Execute cloud user/final scripts.
[[0;32m  OK  [0m] Stopped target Multi-User System.
         Stopping Deferred execution scheduler...
         Stopping LSB: MD monitoring daemon...
         Stopping Unattended Upgrades Shutdown...
         Stopping LSB: daemon to balance interrupts for SMP systems...
         Stopping LSB: Record successful boot for GRUB...
         Stopping LXD - container startup/shutdown...
         Stopping LSB: automatic crash report generation...
         Stopping FUSE filesystem for LXC...
         Stopping D-Bus System Message Bus...
[[0;32m  OK  [0m] Stopped target Login Prompts.
         Stopping Serial Getty on ttyS0...
         Stopping Getty on tty1...
         Stopping OpenBSD Secure Shell server...
         Stopping LSB: Set the CPU Frequency Scaling governor to "ondemand"...
         Stopping Virtualbox guest utils...
         Stopping System Logging Service...
         Stopping Regular background program processing daemon...
[[0;32m  OK  [0m] Stopped Apply the settings specified in cloud-config.
[[0;32m  OK  [0m] Stopped target Cloud-config availability.
[[0;32m  OK  [0m] Stopped Wait until snapd is fully seeded.
[[0;32m  OK  [0m] Stopped Message of the Day.
[[0;32m  OK  [0m] Stopped target System Time Synchronized.
[[0;32m  OK  [0m] Unmounted /var/lib/lxcfs.
[[0;32m  OK  [0m] Stopped ACPI event daemon.
[[0;32m  OK  [0m] Stopped Accounts Service.
[[0;32m  OK  [0m] Stopped Regular background program processing daemon.
[[0;32m  OK  [0m] Stopped Deferred execution scheduler.
[[0;32m  OK  [0m] Stopped System Logging Service.
[[0;32m  OK  [0m] Stopped Unattended Upgrades Shutdown.
[[0;32m  OK  [0m] Stopped Authenticate and Authorize Users to Run Privileged Tasks.
[[0;32m  OK  [0m] Stopped Getty on tty1.
[[0;32m  OK  [0m] Stopped Serial Getty on ttyS0.
[[0;32m  OK  [0m] Stopped OpenBSD Secure Shell server.
[[0;32m  OK  [0m] Stopped User Manager for UID 1000.
[[0;32m  OK  [0m] Stopped Session 3 of user vagrant.
[[0;32m  OK  [0m] Stopped D-Bus System Message Bus.
[[0;32m  OK  [0m] Stopped FUSE filesystem for LXC.
[[0;32m  OK  [0m] Stopped LXD - container startup/shutdown.
[[0;32m  OK  [0m] Stopped User Manager for UID 1000.
[[0;32m  OK  [0m] Removed slice User Slice of vagrant.
[[0;32m  OK  [0m] Removed slice system-serial\x2dgetty.slice.
[[0;32m  OK  [0m] Stopped /etc/rc.local Compatibility.
[[0;32m  OK  [0m] Removed slice system-getty.slice.
         Stopping Permit User Sessions...
         Stopping Login Service...
[[0;32m  OK  [0m] Stopped LSB: MD monitoring daemon.
[[0;32m  OK  [0m] Stopped LSB: daemon to balance interrupts for SMP systems.
[[0;32m  OK  [0m] Stopped LSB: Record successful boot for GRUB.
[[0;32m  OK  [0m] Stopped LSB: automatic crash report generation.
[[0;32m  OK  [0m] Stopped LSB: Set the CPU Frequency Scaling governor to "ondemand".
[[0;32m  OK  [0m] Stopped Login Service.
[[0;32m  OK  [0m] Stopped Virtualbox guest utils.
[[0;32m  OK  [0m] Stopped Permit User Sessions.
[[0;32m  OK  [0m] Stopped target User and Group Name Lookups.
[[0;32m  OK  [0m] Stopped target Remote File Systems.
         Unmounting /vagrant...
[[0;32m  OK  [0m] Stopped target Basic System.
[[0;32m  OK  [0m] Stopped target Paths.
[[0;32m  OK  [0m] Stopped Dispatch Password Requests to Console Directory Watch.
[[0;32m  OK  [0m] Stopped ACPI Events Check.
[[0;32m  OK  [0m] Stopped Forward Password Requests to Wall Directory Watch.
[[0;32m  OK  [0m] Stopped target Sockets.
[[0;32m  OK  [0m] Closed ACPID Listen Socket.
[[0;32m  OK  [0m] Closed UUID daemon activation socket.
[[0;32m  OK  [0m] Closed Syslog Socket.
[[0;32m  OK  [0m] Closed D-Bus System Message Bus Socket.
[[0;32m  OK  [0m] Closed Socket activation for snappy daemon.
[[0;32m  OK  [0m] Closed LXD - unix socket.
[[0;32m  OK  [0m] Stopped target Slices.
[[0;32m  OK  [0m] Removed slice User and Session Slice.
[[0;32m  OK  [0m] Stopped target System Initialization.
         Stopping Load/Save Random Seed...
[[0;32m  OK  [0m] Stopped target Swap.
[[0;32m  OK  [0m] Stopped Commit a transient machine-id on disk.
[[0;32m  OK  [0m] Stopped target Encrypted Volumes.
         Stopping Update UTMP about System Boot/Shutdown...
[[0;32m  OK  [0m] Unmounted /vagrant.
[[0;32m  OK  [0m] Stopped Load/Save Random Seed.
[[0;32m  OK  [0m] Stopped target Remote File Systems (Pre).
         Stopping Login to default iSCSI targets...
[[0;32m  OK  [0m] Stopped Update UTMP about System Boot/Shutdown.
[[0;32m  OK  [0m] Stopped Create Volatile Files and Directories.
[[0;32m  OK  [0m] Stopped Login to default iSCSI targets.
         Stopping iSCSI initiator daemon (iscsid)...
[[0;32m  OK  [0m] Stopped iSCSI initiator daemon (iscsid).
[[0;32m  OK  [0m] Stopped target Network is Online.
[[0;32m  OK  [0m] Stopped Initial cloud-init job (metadata service crawler).
[[0;32m  OK  [0m] Stopped target Network.
         Stopping Raise network interfaces...
[[0;32m  OK  [0m] Stopped Raise network interfaces.
[[0;32m  OK  [0m] Stopped Apply Kernel Variables.
[[0;32m  OK  [0m] Stopped Load Kernel Modules.
[[0;32m  OK  [0m] Stopped target Network (Pre).
[[0;32m  OK  [0m] Stopped Initial cloud-init job (pre-networking).
[[0;32m  OK  [0m] Stopped target Local File Systems.
         Unmounting /run/user/1000...
[[0;32m  OK  [0m] Unmounted /run/user/1000.
[[0;32m  OK  [0m] Reached target Unmount All Filesystems.
[[0;32m  OK  [0m] Stopped target Local File Systems (Pre).
[[0;32m  OK  [0m] Stopped Create Static Device Nodes in /dev.
         Stopping Monitoring of LVM2 mirrors... dmeventd or progress polling...
[[0;32m  OK  [0m] Stopped Remount Root and Kernel File Systems.
[[0;32m  OK  [0m] Reached target Shutdown.
[ 1303.907842] reboot: Restarting system
[    0.000000] Linux version 4.15.0-142-generic (buildd@lgw01-amd64-039) (gcc version 5.4.0 20160609 (Ubuntu 5.4.0-6ubuntu1~16.04.12)) #146~16.04.1-Ubuntu SMP Tue Apr 13 09:27:15 UTC 2021 (Ubuntu 4.15.0-142.146~16.04.1-generic 4.15.18)
[    0.000000] Command line: BOOT_IMAGE=/boot/vmlinuz-4.15.0-142-generic root=UUID=d733b143-dffd-45ac-b6a6-51fd97f3afd8 ro console=tty1 console=ttyS0
[    0.000000] KERNEL supported cpus:
[    0.000000]   Intel GenuineIntel
[    0.000000]   AMD AuthenticAMD
[    0.000000]   Centaur CentaurHauls
[    0.000000] x86/fpu: Supporting XSAVE feature 0x001: 'x87 floating point registers'
[    0.000000] x86/fpu: Supporting XSAVE feature 0x002: 'SSE registers'
[    0.000000] x86/fpu: Supporting XSAVE feature 0x004: 'AVX registers'
[    0.000000] x86/fpu: xstate_offset[2]:  576, xstate_sizes[2]:  256
[    0.000000] x86/fpu: Enabled xstate features 0x7, context size is 832 bytes, using 'standard' format.
[    0.000000] e820: BIOS-provided physical RAM map:
[    0.000000] BIOS-e820: [mem 0x0000000000000000-0x000000000009fbff] usable
[    0.000000] BIOS-e820: [mem 0x000000000009fc00-0x000000000009ffff] reserved
[    0.000000] BIOS-e820: [mem 0x00000000000f0000-0x00000000000fffff] reserved
[    0.000000] BIOS-e820: [mem 0x0000000000100000-0x000000003ffeffff] usable
[    0.000000] BIOS-e820: [mem 0x000000003fff0000-0x000000003fffffff] ACPI data
[    0.000000] BIOS-e820: [mem 0x00000000fec00000-0x00000000fec00fff] reserved
[    0.000000] BIOS-e820: [mem 0x00000000fee00000-0x00000000fee00fff] reserved
[    0.000000] BIOS-e820: [mem 0x00000000fffc0000-0x00000000ffffffff] reserved
[    0.000000] NX (Execute Disable) protection: active
[    0.000000] SMBIOS 2.5 present.
[    0.000000] DMI: innotek GmbH VirtualBox/VirtualBox, BIOS VirtualBox 12/01/2006
[    0.000000] Hypervisor detected: KVM
[    0.000000] e820: last_pfn = 0x3fff0 max_arch_pfn = 0x400000000
[    0.000000] MTRR: Disabled
[    0.000000] x86/PAT: MTRRs disabled, skipping PAT initialization too.
[    0.000000] CPU MTRRs all blank - virtualized system.
[    0.000000] x86/PAT: Configuration [0-7]: WB  WT  UC- UC  WB  WT  UC- UC  
[    0.000000] found SMP MP-table at [mem 0x0009fff0-0x0009ffff]
[    0.000000] Scanning 1 areas for low memory corruption
[    0.000000] RAMDISK: [mem 0x3147a000-0x34a34fff]
[    0.000000] ACPI: Early table checksum verification disabled
[    0.000000] ACPI: RSDP 0x00000000000E0000 000024 (v02 VBOX  )
[    0.000000] ACPI: XSDT 0x000000003FFF0030 00003C (v01 VBOX   VBOXXSDT 00000001 ASL  00000061)
[    0.000000] ACPI: FACP 0x000000003FFF00F0 0000F4 (v04 VBOX   VBOXFACP 00000001 ASL  00000061)
[    0.000000] ACPI: DSDT 0x000000003FFF0610 002353 (v02 VBOX   VBOXBIOS 00000002 INTL 20230628)
[    0.000000] ACPI: FACS 0x000000003FFF0200 000040
[    0.000000] ACPI: FACS 0x000000003FFF0200 000040
[    0.000000] ACPI: APIC 0x000000003FFF0240 00005C (v02 VBOX   VBOXAPIC 00000001 ASL  00000061)
[    0.000000] ACPI: SSDT 0x000000003FFF02A0 00036C (v01 VBOX   VBOXCPUT 00000002 INTL 20230628)
[    0.000000] No NUMA configuration found
[    0.000000] Faking a node at [mem 0x0000000000000000-0x000000003ffeffff]
[    0.000000] NODE_DATA(0) allocated [mem 0x3ffc5000-0x3ffeffff]
[    0.000000] kvm-clock: cpu 0, msr 0:3ff44001, primary cpu clock
[    0.000000] kvm-clock: Using msrs 4b564d01 and 4b564d00
[    0.000000] kvm-clock: using sched offset of 7468536796 cycles
[    0.000000] clocksource: kvm-clock: mask: 0xffffffffffffffff max_cycles: 0x1cd42e4dffb, max_idle_ns: 881590591483 ns
[    0.000000] Zone ranges:
[    0.000000]   DMA      [mem 0x0000000000001000-0x0000000000ffffff]
[    0.000000]   DMA32    [mem 0x0000000001000000-0x000000003ffeffff]
[    0.000000]   Normal   empty
[    0.000000]   Device   empty
[    0.000000] Movable zone start for each node
[    0.000000] Early memory node ranges
[    0.000000]   node   0: [mem 0x0000000000001000-0x000000000009efff]
[    0.000000]   node   0: [mem 0x0000000000100000-0x000000003ffeffff]
[    0.000000] Reserved but unavailable: 98 pages
[    0.000000] Initmem setup node 0 [mem 0x0000000000001000-0x000000003ffeffff]
[    0.000000] ACPI: PM-Timer IO Port: 0x4008
[    0.000000] IOAPIC[0]: apic_id 2, version 32, address 0xfec00000, GSI 0-23
[    0.000000] ACPI: INT_SRC_OVR (bus 0 bus_irq 0 global_irq 2 dfl dfl)
[    0.000000] ACPI: INT_SRC_OVR (bus 0 bus_irq 9 global_irq 9 low level)
[    0.000000] Using ACPI (MADT) for SMP configuration information
[    0.000000] smpboot: Allowing 2 CPUs, 0 hotplug CPUs
[    0.000000] PM: Registered nosave memory: [mem 0x00000000-0x00000fff]
[    0.000000] PM: Registered nosave memory: [mem 0x0009f000-0x0009ffff]
[    0.000000] PM: Registered nosave memory: [mem 0x000a0000-0x000effff]
[    0.000000] PM: Registered nosave memory: [mem 0x000f0000-0x000fffff]
[    0.000000] e820: [mem 0x40000000-0xfebfffff] available for PCI devices
[    0.000000] Booting paravirtualized kernel on KVM
[    0.000000] clocksource: refined-jiffies: mask: 0xffffffff max_cycles: 0xffffffff, max_idle_ns: 7645519600211568 ns
[    0.000000] random: get_random_bytes called from start_kernel+0x99/0x51e with crng_init=0
[    0.000000] setup_percpu: NR_CPUS:8192 nr_cpumask_bits:2 nr_cpu_ids:2 nr_node_ids:1
[    0.000000] percpu: Embedded 45 pages/cpu s147456 r8192 d28672 u1048576
[    0.000000] PV qspinlock hash table entries: 256 (order: 0, 4096 bytes)
[    0.000000] Built 1 zonelists, mobility grouping on.  Total pages: 257913
[    0.000000] Policy zone: DMA32
[    0.000000] Kernel command line: BOOT_IMAGE=/boot/vmlinuz-4.15.0-142-generic root=UUID=d733b143-dffd-45ac-b6a6-51fd97f3afd8 ro console=tty1 console=ttyS0
[    0.000000] Memory: 947224K/1048120K available (12300K kernel code, 2482K rwdata, 4224K rodata, 2440K init, 2724K bss, 100896K reserved, 0K cma-reserved)
[    0.000000] SLUB: HWalign=64, Order=0-3, MinObjects=0, CPUs=2, Nodes=1
[    0.000000] Kernel/User page tables isolation: enabled
[    0.000000] ftrace: allocating 39412 entries in 154 pages
[    0.004000] Hierarchical RCU implementation.
[    0.004000] 	RCU restricting CPUs from NR_CPUS=8192 to nr_cpu_ids=2.
[    0.004000] 	Tasks RCU enabled.
[    0.004000] RCU: Adjusting geometry for rcu_fanout_leaf=16, nr_cpu_ids=2
[    0.004000] NR_IRQS: 524544, nr_irqs: 440, preallocated irqs: 16
[    0.004000] Console: colour VGA+ 80x25
[    0.004000] console [tty1] enabled
[    0.004000] console [ttyS0] enabled
[    0.004000] ACPI: Core revision 20170831
[    0.004000] ACPI: 2 ACPI AML tables successfully acquired and loaded
[    0.004000] APIC: Switch to symmetric I/O mode setup
[    0.004000] x2apic enabled
[    0.004000] Switched APIC routing to physical x2apic.
[    0.008000] ..TIMER: vector=0x30 apic1=0 pin1=2 apic2=-1 pin2=-1
[    0.008002] tsc: Detected 3399.976 MHz processor
[    0.012009] Calibrating delay loop (skipped) preset value.. 6799.95 BogoMIPS (lpj=13599904)
[    0.016003] pid_max: default: 32768 minimum: 301
[    0.020032] Security Framework initialized
[    0.024002] Yama: becoming mindful.
[    0.028022] AppArmor: AppArmor initialized
[    0.032134] Dentry cache hash table entries: 131072 (order: 8, 1048576 bytes)
[    0.036059] Inode-cache hash table entries: 65536 (order: 7, 524288 bytes)
[    0.040011] Mount-cache hash table entries: 2048 (order: 2, 16384 bytes)
[    0.044006] Mountpoint-cache hash table entries: 2048 (order: 2, 16384 bytes)
[    0.053611] Last level iTLB entries: 4KB 0, 2MB 0, 4MB 0
[    0.056002] Last level dTLB entries: 4KB 0, 2MB 0, 4MB 0, 1GB 0
[    0.060038] Spectre V1 : Mitigation: usercopy/swapgs barriers and __user pointer sanitization
[    0.064003] Spectre V2 : Mitigation: Full generic retpoline
[    0.068002] Spectre V2 : Spectre v2 / SpectreRSB mitigation: Filling RSB on context switch
[    0.072002] Speculative Store Bypass: Vulnerable
[    0.076070] SRBDS: Unknown: Dependent on hypervisor status
[    0.080002] MDS: Mitigation: Clear CPU buffers
[    0.084155] Freeing SMP alternatives memory: 36K
[    0.201400] smpboot: CPU0: Intel(R) Xeon(R) CPU E3-1240 v3 @ 3.40GHz (family: 0x6, model: 0x3c, stepping: 0x3)
[    0.204054] Performance Events: unsupported p6 CPU model 60 no PMU driver, software events only.
[    0.208122] Hierarchical SRCU implementation.
[    0.212565] NMI watchdog: Perf event create on CPU 0 failed with -2
[    0.216002] NMI watchdog: Perf NMI watchdog permanently disabled
[    0.220039] smp: Bringing up secondary CPUs ...
[    0.224067] x86: Booting SMP configuration:
[    0.228002] .... node  #0, CPUs:      #1
[    0.004000] kvm-clock: cpu 1, msr 0:3ff44041, secondary cpu clock
[    0.264004] smp: Brought up 1 node, 2 CPUs
[    0.268005] smpboot: Max logical packages: 1
[    0.272003] smpboot: Total of 2 processors activated (13599.90 BogoMIPS)
[    0.276126] devtmpfs: initialized
[    0.280048] x86/mm: Memory block size: 128MB
[    0.284152] evm: security.selinux
[    0.288004] evm: security.SMACK64
[    0.292002] evm: security.SMACK64EXEC
[    0.296002] evm: security.SMACK64TRANSMUTE
[    0.300002] evm: security.SMACK64MMAP
[    0.304002] evm: security.apparmor
[    0.308002] evm: security.ima
[    0.312002] evm: security.capability
[    0.316169] clocksource: jiffies: mask: 0xffffffff max_cycles: 0xffffffff, max_idle_ns: 7645041785100000 ns
[    0.320007] futex hash table entries: 512 (order: 3, 32768 bytes)
[    0.324037] pinctrl core: initialized pinctrl subsystem
[    0.328811] RTC time:  8:58:53, date: 01/29/25
[    0.332821] NET: Registered protocol family 16
[    0.336060] audit: initializing netlink subsys (disabled)
[    0.340182] audit: type=2000 audit(1738141139.915:1): state=initialized audit_enabled=0 res=1
[    0.364011] cpuidle: using governor ladder
[    0.368007] cpuidle: using governor menu
[    0.372033] ACPI: bus type PCI registered
[    0.376003] acpiphp: ACPI Hot Plug PCI Controller Driver version: 0.5
[    0.381056] PCI: Using configuration type 1 for base access
[    0.384821] HugeTLB registered 2.00 MiB page size, pre-allocated 0 pages
[    0.392107] ACPI: Added _OSI(Module Device)
[    0.396044] ACPI: Added _OSI(Processor Device)
[    0.400008] ACPI: Added _OSI(3.0 _SCP Extensions)
[    0.404003] ACPI: Added _OSI(Processor Aggregator Device)
[    0.408003] ACPI: Added _OSI(Linux-Dell-Video)
[    0.412003] ACPI: Added _OSI(Linux-Lenovo-NV-HDMI-Audio)
[    0.416004] ACPI: Added _OSI(Linux-HPI-Hybrid-Graphics)
[    0.425212] ACPI: Executed 1 blocks of module-level executable AML code
[    0.436732] ACPI: Interpreter enabled
[    0.440017] ACPI: (supports S0 S5)
[    0.444005] ACPI: Using IOAPIC for interrupt routing
[    0.448809] PCI: Using host bridge windows from ACPI; if necessary, use "pci=nocrs" and report a bug
[    0.453590] ACPI: Enabled 2 GPEs in block 00 to 07
[    0.490616] ACPI: PCI Root Bridge [PCI0] (domain 0000 [bus 00-ff])
[    0.492009] acpi PNP0A03:00: _OSC: OS supports [ASPM ClockPM Segments MSI]
[    0.501439] acpi PNP0A03:00: _OSC: not requesting OS control; OS requires [ExtendedConfig ASPM ClockPM MSI]
[    0.504055] acpi PNP0A03:00: fail to add MMCONFIG information, can't access extended PCI configuration space under this bridge.
[    0.513544] PCI host bridge to bus 0000:00
[    0.516004] pci_bus 0000:00: root bus resource [io  0x0000-0x0cf7 window]
[    0.520003] pci_bus 0000:00: root bus resource [io  0x0d00-0xffff window]
[    0.524003] pci_bus 0000:00: root bus resource [mem 0x000a0000-0x000bffff window]
[    0.528003] pci_bus 0000:00: root bus resource [mem 0x40000000-0xfdffffff window]
[    0.532003] pci_bus 0000:00: root bus resource [bus 00-ff]
[    0.574497] pci 0000:00:01.1: legacy IDE quirk: reg 0x10: [io  0x01f0-0x01f7]
[    0.576028] pci 0000:00:01.1: legacy IDE quirk: reg 0x14: [io  0x03f6]
[    0.580003] pci 0000:00:01.1: legacy IDE quirk: reg 0x18: [io  0x0170-0x0177]
[    0.584003] pci 0000:00:01.1: legacy IDE quirk: reg 0x1c: [io  0x0376]
[    0.689722] pci 0000:00:07.0: quirk: [io  0x4000-0x403f] claimed by PIIX4 ACPI
[    0.692193] pci 0000:00:07.0: quirk: [io  0x4100-0x410f] claimed by PIIX4 SMB
[    0.734753] ACPI: PCI Interrupt Link [LNKA] (IRQs 5 9 10 *11)
[    0.737546] ACPI: PCI Interrupt Link [LNKB] (IRQs 5 9 *10 11)
[    0.740877] ACPI: PCI Interrupt Link [LNKC] (IRQs 5 *9 10 11)
[    0.744842] ACPI: PCI Interrupt Link [LNKD] (IRQs 5 9 10 *11)
[    0.752218] SCSI subsystem initialized
[    0.756244] pci 0000:00:02.0: vgaarb: setting as boot VGA device
[    0.760000] pci 0000:00:02.0: vgaarb: VGA device added: decodes=io+mem,owns=io+mem,locks=none
[    0.760005] pci 0000:00:02.0: vgaarb: bridge control possible
[    0.764002] vgaarb: loaded
[    0.768029] ACPI: bus type USB registered
[    0.772027] usbcore: registered new interface driver usbfs
[    0.776017] usbcore: registered new interface driver hub
[    0.780008] usbcore: registered new device driver usb
[    0.784087] EDAC MC: Ver: 3.0.0
[    0.796119] PCI: Using ACPI for IRQ routing
[    0.805450] NetLabel: Initializing
[    0.808002] NetLabel:  domain hash size = 128
[    0.812002] NetLabel:  protocols = UNLABELED CIPSOv4 CALIPSO
[    0.816014] NetLabel:  unlabeled traffic allowed by default
[    0.824658] clocksource: Switched to clocksource kvm-clock
[    0.848154] VFS: Disk quotas dquot_6.6.0
[    0.848154] VFS: Dquot-cache hash table entries: 512 (order 0, 4096 bytes)
[    0.848154] AppArmor: AppArmor Filesystem Enabled
[    0.848154] pnp: PnP ACPI init
[    0.848154] pnp: PnP ACPI: found 3 devices
[    0.970197] clocksource: acpi_pm: mask: 0xffffff max_cycles: 0xffffff, max_idle_ns: 2085701024 ns
[    0.972257] NET: Registered protocol family 2
[    1.011701] TCP established hash table entries: 8192 (order: 4, 65536 bytes)
[    1.033183] TCP bind hash table entries: 8192 (order: 5, 131072 bytes)
[    1.053031] TCP: Hash tables configured (established 8192 bind 8192)
[    1.056937] UDP hash table entries: 512 (order: 2, 16384 bytes)
[    1.056937] UDP-Lite hash table entries: 512 (order: 2, 16384 bytes)
[    1.056937] NET: Registered protocol family 1
[    1.056937] pci 0000:00:00.0: Limiting direct PCI/PCI transfers
[    1.056937] pci 0000:00:01.0: Activating ISA DMA hang workarounds
[    1.056937] pci 0000:00:02.0: Video device with shadowed ROM at [mem 0x000c0000-0x000dffff]
[    1.056937] Unpacking initramfs...
[    1.764792] Freeing initrd memory: 55020K
[    1.778627] clocksource: tsc: mask: 0xffffffffffffffff max_cycles: 0x310237e2144, max_idle_ns: 440795220210 ns
[    1.809108] platform rtc_cmos: registered platform RTC device (no PNP device found)
[    1.832777] Scanning for low memory corruption every 60 seconds
[    1.853136] Initialise system trusted keyrings
[    1.867594] Key type blacklist registered
[    1.881525] workingset: timestamp_bits=36 max_order=18 bucket_order=0
[    1.902519] zbud: loaded
[    1.912517] squashfs: version 4.0 (2009/01/31) Phillip Lougher
[    1.931431] fuse init (API version 7.26)
[    1.962188] Key type asymmetric registered
[    1.975804] Asymmetric key parser 'x509' registered
[    1.991554] Block layer SCSI generic (bsg) driver version 0.4 loaded (major 246)
[    2.014861] io scheduler noop registered
[    2.027886] io scheduler deadline registered
[    2.042013] io scheduler cfq registered (default)
[    2.058130] ACPI: AC Adapter [AC] (on-line)
[    2.071808] input: Power Button as /devices/LNXSYSTM:00/LNXPWRBN:00/input/input0
[    2.094974] ACPI: Power Button [PWRF]
[    2.108537] input: Sleep Button as /devices/LNXSYSTM:00/LNXSLPBN:00/input/input1
[    2.131491] ACPI: Sleep Button [SLPF]
[    2.145639] Serial: 8250/16550 driver, 32 ports, IRQ sharing enabled
[    2.209451] 00:02: ttyS0 at I/O 0x3f8 (irq = 4, base_baud = 115200) is a 16550A
[    2.248080] Linux agpgart interface v0.103
[    2.266915] loop: module loaded
[    2.281632] scsi host0: ata_piix
[    2.293993] scsi host1: ata_piix
[    2.304936] ata1: PATA max UDMA/33 cmd 0x1f0 ctl 0x3f6 bmdma 0xd000 irq 14
[    2.325810] ata2: PATA max UDMA/33 cmd 0x170 ctl 0x376 bmdma 0xd008 irq 15
[    2.347118] libphy: Fixed MDIO Bus: probed
[    2.361862] tun: Universal TUN/TAP device driver, 1.6
[    2.379818] PPP generic driver version 2.4.2
[    2.394444] ehci_hcd: USB 2.0 'Enhanced' Host Controller (EHCI) Driver
[    2.414895] ehci-pci: EHCI PCI platform driver
[    2.429387] ehci-platform: EHCI generic platform driver
[    2.446298] ohci_hcd: USB 1.1 'Open' Host Controller (OHCI) Driver
[    2.466460] ohci-pci: OHCI PCI platform driver
[    2.481182] ohci-platform: OHCI generic platform driver
[    2.497871] uhci_hcd: USB Universal Host Controller Interface driver
[    2.518149] i8042: PNP: PS/2 Controller [PNP0303:PS2K,PNP0f03:PS2M] at 0x60,0x64 irq 1,12
[    2.550285] serio: i8042 KBD port at 0x60,0x64 irq 1
[    2.569689] serio: i8042 AUX port at 0x60,0x64 irq 12
[    2.656132] mousedev: PS/2 mouse device common for all mice
[    2.681203] input: AT Translated Set 2 keyboard as /devices/platform/i8042/serio0/input/input2
[    2.707431] rtc_cmos rtc_cmos: rtc core: registered rtc_cmos as rtc0
[    2.729129] rtc_cmos rtc_cmos: alarms up to one day, 114 bytes nvram
[    2.749616] i2c /dev entries driver
[    2.761109] device-mapper: uevent: version 1.0.3
[    2.776492] device-mapper: ioctl: 4.37.0-ioctl (2017-09-20) initialised: dm-devel@redhat.com
[    2.802717] ledtrig-cpu: registered to indicate activity on CPUs
[    2.824500] NET: Registered protocol family 10
[    2.846974] Segment Routing with IPv6
[    2.859077] NET: Registered protocol family 17
[    2.873725] Key type dns_resolver registered
[    2.888594] mce: Using 0 MCE banks
[    2.900255] RAS: Correctable Errors collector initialized.
[    2.917948] sched_clock: Marking stable (2917894522, 0)->(6281846538, -3363952016)
[    2.946623] registered taskstats version 1
[    2.960012] Loading compiled-in X.509 certificates
[    2.979865] Loaded X.509 cert 'Build time autogenerated kernel key: 310b85060be12bbc7d8d593b115b85602f79f4c2'
[    3.009816] zswap: loaded using pool lzo/zbud
[    3.033162] Key type big_key registered
[    3.045730] Key type trusted registered
[    3.061907] Key type encrypted registered
[    3.075195] AppArmor: AppArmor sha1 policy hashing enabled
[    3.092420] ima: No TPM chip found, activating TPM-bypass! (rc=-19)
[    3.111671] ima: Allocated hash algorithm: sha1
[    3.126230] evm: HMAC attrs: 0x1
[    3.140459]   Magic number: 9:438:979
[    3.153841] rtc_cmos rtc_cmos: setting system clock to 2025-01-29 08:58:56 UTC (1738141136)
[    3.180024] BIOS EDD facility v0.16 2004-Jun-25, 0 devices found
[    3.198995] EDD information not available.
[    3.217868] Freeing unused kernel image memory: 2440K
[    3.416884] Write protecting the kernel read-only data: 20480k
[    3.436440] Freeing unused kernel image memory: 2008K
[    3.453483] Freeing unused kernel image memory: 1920K
[    3.476001] x86/mm: Checked W+X mappings: passed, no W+X pages found.
[    3.495840] x86/mm: Checking user space page tables
[    3.517580] x86/mm: Checked W+X mappings: passed, no W+X pages found.
Loading, please wait...
starting version 229
[    3.571458] random: systemd-udevd: uninitialized urandom read (16 bytes read)
[    3.594081] random: systemd-udevd: uninitialized urandom read (16 bytes read)
[    3.595293] random: udevadm: uninitialized urandom read (16 bytes read)
[    3.680651] ACPI: Video Device [GFX0] (multi-head: yes  rom: no  post: no)
[    3.711477] e1000: Intel(R) PRO/1000 Network Driver - version 7.3.21-k8-NAPI
[    3.718875] input: Video Bus as /devices/LNXSYSTM:00/LNXSYBUS:00/PNP0A03:00/LNXVIDEO:00/input/input4
[    3.734033] e1000: Copyright (c) 1999-2006 Intel Corporation.
[    3.799690] Fusion MPT base driver 3.04.20
[    3.814426] Copyright (c) 1999-2008 LSI Corporation
[    3.850833] Fusion MPT SPI Host driver 3.04.20
[    3.879613] AVX2 version of gcm_enc/dec engaged.
[    3.897926] AES CTR mode by8 optimization enabled
[    4.107679] input: ImExPS/2 Generic Explorer Mouse as /devices/platform/i8042/serio1/input/input5
[    5.584398] e1000 0000:00:03.0 eth0: (PCI:33MHz:32-bit) 02:be:82:6b:cc:1d
[    5.605264] e1000 0000:00:03.0 eth0: Intel(R) PRO/1000 Network Connection
[    5.634011] e1000 0000:00:03.0 enp0s3: renamed from eth0
[    5.636430] mptbase: ioc0: Initiating bringup
[    6.730882] ioc0: LSI53C1030 A0: Capabilities={Initiator}
[    9.191982] scsi host2: ioc0: LSI53C1030 A0, FwRev=00000000h, Ports=1, MaxQ=256, IRQ=20
[   10.825635] scsi 2:0:0:0: Direct-Access     VBOX     HARDDISK         1.0  PQ: 0 ANSI: 5
[   11.566561] scsi target2:0:0: Beginning Domain Validation
[   11.590162] scsi target2:0:0: Domain Validation skipping write tests
[   11.609625] scsi target2:0:0: Ending Domain Validation
[   11.626205] scsi target2:0:0: asynchronous
[   11.642132] scsi 2:0:1:0: Direct-Access     VBOX     HARDDISK         1.0  PQ: 0 ANSI: 5
[   12.420495] scsi target2:0:1: Beginning Domain Validation
[   12.437935] random: fast init done
[   12.456152] scsi target2:0:1: Domain Validation skipping write tests
[   12.475806] scsi target2:0:1: Ending Domain Validation
[   12.493223] scsi target2:0:1: asynchronous
[   12.522828] sd 2:0:0:0: Attached scsi generic sg0 type 0
[   12.540730] sd 2:0:0:0: [sda] 83886080 512-byte logical blocks: (42.9 GB/40.0 GiB)
[   12.544610] sd 2:0:1:0: Attached scsi generic sg1 type 0
[   12.568387] sd 2:0:0:0: [sda] Write Protect is off
[   12.603400] sd 2:0:0:0: [sda] Incomplete mode parameter data
[   12.621565] sd 2:0:0:0: [sda] Assuming drive cache: write through
[   12.621780] sd 2:0:1:0: [sdb] 20480 512-byte logical blocks: (10.5 MB/10.0 MiB)
[   12.667870] sd 2:0:1:0: [sdb] Write Protect is off
[   12.683730]  sda: sda1
[   12.695332] sd 2:0:1:0: [sdb] Incomplete mode parameter data
[   12.697541] sd 2:0:0:0: [sda] Attached SCSI disk
[   12.715806] sd 2:0:1:0: [sdb] Assuming drive cache: write through
[   12.771681] sd 2:0:1:0: [sdb] Attached SCSI disk
Begin: Loading essential drivers ... [   18.036176] raid6: sse2x1   gen() 10817 MB/s
[   18.096171] raid6: sse2x1   xor()  8475 MB/s
[   18.156174] raid6: sse2x2   gen() 13922 MB/s
[   18.216170] raid6: sse2x2   xor()  9240 MB/s
[   18.276176] raid6: sse2x4   gen() 15878 MB/s
[   18.336170] raid6: sse2x4   xor() 10939 MB/s
[   18.396178] raid6: avx2x1   gen() 21092 MB/s
[   18.456169] raid6: avx2x1   xor() 15819 MB/s
[   18.516258] raid6: avx2x2   gen() 24231 MB/s
[   18.576195] raid6: avx2x2   xor() 15826 MB/s
[   18.636193] raid6: avx2x4   gen() 27803 MB/s
[   18.696176] raid6: avx2x4   xor() 19986 MB/s
[   18.709835] raid6: using algorithm avx2x4 gen() 27803 MB/s
[   18.726967] raid6: .... xor() 19986 MB/s, rmw enabled
[   18.743425] raid6: using avx2x2 recovery algorithm
[   18.761223] xor: automatically using best checksumming function   avx       
[   18.784977] async_tx: api initialized (async)
done.
Begin: Running /scripts/init-premount ... done.
Begin: Mounting root file system ... Begin: Running /scripts/local-top ... done.
Begin: Running /scripts/local-premount ... [   18.865352] Btrfs loaded, crc32c=crc32c-intel
Scanning for Btrfs filesystems
done.
Begin: Will now check root file system ... fsck from util-linux 2.27.1
[/sbin/fsck.ext4 (1) -- /dev/sda1] fsck.ext4 -a -C0 /dev/sda1 
cloudimg-rootfs: clean, 98595/5120000 files, 778183/10485499 blocks
done.
[   19.007872] EXT4-fs (sda1): mounted filesystem with ordered data mode. Opts: (null)
done.
Begin: Running /scripts/local-bottom ... done.
Begin: Running /scripts/init-bottom ... done.
[   20.044077] systemd[1]: systemd 229 running in system mode. (+PAM +AUDIT +SELINUX +IMA +APPARMOR +SMACK +SYSVINIT +UTMP +LIBCRYPTSETUP +GCRYPT +GNUTLS +ACL +XZ -LZ4 +SECCOMP +BLKID +ELFUTILS +KMOD -IDN)
[   20.109690] systemd[1]: Detected virtualization oracle.
[   20.127955] systemd[1]: Detected architecture x86-64.

Welcome to [1mUbuntu 16.04.7 LTS[0m!

[   20.185881] systemd[1]: Set hostname to <ubuntu-xenial>.
[   20.825439] random: crng init done
[   20.841753] random: 7 urandom warning(s) missed due to ratelimiting
[   21.087971] systemd[1]: Listening on udev Kernel Socket.
[[0;32m  OK  [0m] Listening on udev Kernel Socket.
[   21.117714] systemd[1]: Reached target System Time Synchronized.
[[0;32m  OK  [0m] Reached target System Time Synchronized.
[   21.150741] systemd[1]: Listening on udev Control Socket.
[[0;32m  OK  [0m] Listening on udev Control Socket.
[   21.181179] systemd[1]: Started Forward Password Requests to Wall Directory Watch.
[[0;32m  OK  [0m] Started Forward Password Requests to Wall Directory Watch.
[   21.220971] systemd[1]: Started Trigger resolvconf update for networkd DNS.
[[0;32m  OK  [0m] Started Trigger resolvconf update for networkd DNS.
[   21.258497] systemd[1]: Listening on Journal Socket (/dev/log).
[[0;32m  OK  [0m] Listening on Journal Socket (/dev/log).
[[0;32m  OK  [0m] Reached target Swap.
[[0;32m  OK  [0m] Reached target User and Group Name Lookups.
[[0;32m  OK  [0m] Created slice System Slice.
[[0;32m  OK  [0m] Created slice system-serial\x2dgetty.slice.
[[0;32m  OK  [0m] Created slice User and Session Slice.
[[0;32m  OK  [0m] Reached target Encrypted Volumes.
[[0;32m  OK  [0m] Listening on Journal Socket.
         Mounting Debug File System...
         Starting Nameserver information manager...
         Starting Create list of required st... nodes for the current kernel...
         Starting Load Kernel Modules...
         Mounting Huge Pages File System...
         Mounting POSIX Message Queue File System...
[[0;32m  OK  [0m] Reached target Slices.
         Starting Uncomplicated firewall...
[   21.567824] Loading iSCSI transport class v2.0-870.
[[0;32m  OK  [0m] Listening on Device-mapper event daemon FIFOs.
[[0;32m  OK  [0m] Listening on LVM2 metadata daemon socket.
         Starting Monitoring of LVM2 mirrors... dmeventd or progress polling...
[[0;32m  OK  [0m] Listening on Journal Audit Socket.
[[0;32m  OK  [0m] Set up automount Arbitrary Executab...ats File System Automount Point.
[   21.687517] iscsi: registered transport (tcp)
[[0;32m  OK  [0m] Listening on Syslog Socket.
[[0;32m  OK  [0m] Listening on fsck to fsckd communication Socket.
[[0;32m  OK  [0m] Listening on /dev/initctl Compatibility Named Pipe.
         Starting Set console keymap...
[[0;32m  OK  [0m] Listening on LVM2 poll daemon socket.
         Starting Journal Service...
         Starting Remount Root and Kernel File Systems...
[[0;32m  OK  [0m] Mounted Huge Pages File System.
[[0;32m  OK  [0m] Mounted POSIX Message Queue File System.
[[0;32m  OK  [0m] Mounted Debug File System.
[[0;32m  OK  [0m] Started Create list of required sta...ce nodes for the current kernel.
[[0;32m  OK  [0m] Started Uncomplicated firewall.
[[0;32m  OK  [0m] Started LVM2 metadata daemon.
         Starting Create Static Device Nodes in /dev...
[[0;32m  OK  [0m] Started Journal Service.
[   21.939078] iscsi: registered transport (iser)
[[0;32m  OK  [0m] Started Load Kernel Modules.
         Mounting Configuration File System...
         Mounting FUSE Control File System...
         Starting Apply Kernel Variables...
[[0;32m  OK  [0m] Mounted Configuration File System.
[[0;32m  OK  [0m] Mounted FUSE Control File System.
[[0;32m  OK  [0m] Started Nameserver information manager.
[   22.087085] EXT4-fs (sda1): re-mounted. Opts: (null)
[[0;32m  OK  [0m] Started Remount Root and Kernel File Systems.
         Starting Flush Journal to Persistent Storage...
         Starting Load/Save Random Seed...
         Starting udev Coldplug all Devices...
[[0;32m  OK  [0m] Started Apply Kernel Variables.
[[0;32m  OK  [0m] Started Create Static Device Nodes in /dev.
[[0;32m  OK  [0m] Started Load/Save Random Seed.
         Starting udev Kernel Device Manager...
[[0;32m  OK  [0m] Started Set console keymap.
[[0;32m  OK  [0m] Started udev Coldplug all Devices.
[[0;32m  OK  [0m] Started Flush Journal to Persistent Storage.
[[0;32m  OK  [0m] Started Monitoring of LVM2 mirrors,...ng dmeventd or progress polling.
[[0;32m  OK  [0m] Reached target Local File Systems (Pre).
[[0;32m  OK  [0m] Reached target Local File Systems.
         Starting Initial cloud-init job (pre-networking)...
         Starting Set console font and keymap...
         Starting Tell Plymouth To Write Out Runtime Data...
         Starting LSB: AppArmor initialization...
         Starting Create Volatile Files and Directories...
[[0;32m  OK  [0m] Started udev Kernel Device Manager.
[[0;32m  OK  [0m] Started Dispatch Password Requests to Console Directory Watch.
[[0;32m  OK  [0m] Started Tell Plymouth To Write Out Runtime Data.
[[0;32m  OK  [0m] Started Create Volatile Files and Directories.
         Starting Update UTMP about System Boot/Shutdown...
[[0;32m  OK  [0m] Started Update UTMP about System Boot/Shutdown.
[[0;32m  OK  [0m] Found device /dev/ttyS0.
[[0;32m  OK  [0m] Listening on Load/Save RF Kill Switch Status /dev/rfkill Watch.
[[0;32m  OK  [0m] Found device 82540EM Gigabit Ethern...r (PRO/1000 MT Desktop Adapter).
[[0;32m  OK  [0m] Started LSB: AppArmor initialization.
[[0;32m  OK  [0m] Started Initial cloud-init job (pre-networking).
[   27.787840] cloud-init[457]: Cloud-init v. 21.1-19-gbad84ad4-0ubuntu1~16.04.2 running 'init-local' at Wed, 29 Jan 2025 08:59:20 +0000. Up 27.32 seconds.
[[0;32m  OK  [0m] Reached target Sound Card.
[[0;32m  OK  [0m] Reached target Network (Pre).
[[0;32m  OK  [0m] Started ifup for enp0s3.
         Starting Raise network interfaces...
         Starting Load AppArmor profiles managed internally by snapd...
[[0;32m  OK  [0m] Started Set console font and keymap.
[[0;32m  OK  [0m] Created slice system-getty.slice.
[[0;32m  OK  [0m] Started Load AppArmor profiles managed internally by snapd.
[[0;32m  OK  [0m] Started Raise network interfaces.
[[0;32m  OK  [0m] Reached target Network.
         Starting Initial cloud-init job (metadata service crawler)...
[   31.621378] cloud-init[1030]: Cloud-init v. 21.1-19-gbad84ad4-0ubuntu1~16.04.2 running 'init' at Wed, 29 Jan 2025 08:59:24 +0000. Up 31.17 seconds.
[   31.656560] cloud-init[1030]: ci-info: ++++++++++++++++++++++++++++++++++++++Net device info++++++++++++++++++++++++++++++++++++++
[   31.680138] cloud-init[1030]: ci-info: +--------+------+----------------------------+---------------+--------+-------------------+[[0;32m  OK  [0m] Started Initial cloud-init job (metadata service crawler).
[[0;32m  OK  [0m] Reached target Cloud-config availability.
[[0;32m  OK  [0m
] Reached target System Initialization.
[   31.745703] [[0;32m  OK  [0m] Started Daily apt download activities.
[[0;32m  OK  [0m] Started Message of the Day.
cloud-init[[0;32m  OK  [0m] Started ACPI Events Check.
[[0;32m  OK  [0m] Reached target Paths.
[[0;32m  OK  [0m] Listening on D-Bus System Message Bus Socket.
[[1030]: ci-info: | Device |  Up  |          Address           |      Mask     | Scope  |     Hw-Address    |
[   31.781116] cloud-init[1030]: ci-info: +--------+------+----------------------------+---------------+--------+-------------------+
[   31.781154] cloud-init[1030]: ci-info: | enp0s3 | True |         10.0.2.15          | 255.255.255.0 | global | 02:be:82:6b:cc:1d |
[   31.781186] cloud-init[1030]: ci-info: | enp0s3 | True | fe80::be:82ff:fe6b:cc1d/64 |       .       |  link  | 02:be:82:6b:cc:1d |
[   31.781216] cloud-init[1030]: ci-info: |   lo   | True |         127.0.0.1          |   255.0.0.0   |  host  |         .         |
[   31.781248] cloud-init[1030]: ci-info: |   lo   | True |          ::1/128           |       .       |  host  |         .         |
[   31.781278] cloud-init[1030]: ci-info: +--------+------+----------------------------+---------------+--------+-------------------+
[   31.781307] cloud-init[1030]: ci-info: +++++++++++++++++++++++++++Route IPv4 info++++++++++++++++++++++++++++
[   31.781344] cloud-init[1030]: ci-info: +-------+-------------+----------+---------------+-----------+-------+
[   31.781374] cloud-init[1030]: ci-info: | Route | Destination | Gateway  |    Genmask    | Interface | Flags |
[   31.781404] cloud-init[1030]: ci-info: +-------+-------------+----------+---------------+-----------+-------+
[   31.781434] cloud-init[1030]: ci-info: |   0   |   0.0.0.0   | 10.0.2.2 |    0.0.0.0    |   enp0s3  |   UG  |
[   31.781463] cloud-init[1030]: ci-info: |   1   |   10.0.2.0  | 0.0.0.0  | 255.255.255.0 |   enp0s3  |   U   |
[0;32m  OK  [0m[   31.799202] ] cloud-init[1030]: ci-info: +-------+-------------+----------+---------------+-----------+-------+
[   31.841252] cloud-init[1030]: ci-info: +++++++++++++++++++Route IPv6 info+++++++++++++++++++
[   31.841292] cloud-init[1030]: ci-info: +-------+-------------+---------+-----------+-------+
[   31.841325] cloud-init[1030]: ci-info: | Route | Destination | Gateway | Interface | Flags |
[   31.841362] cloud-init[1030]: ci-info: +-------+-------------+---------+-----------+-------+
[   31.841393] cloud-init[1030]: ci-info: |   0   |  fe80::/64  |    ::   |   enp0s3  |   U   |
[   31.841423] cloud-init[1030]: ci-info: |   2   |   ff00::/8  |    ::   |   enp0s3  |   U   |
[   31.841453] cloud-init[1030]: ci-info: +-------+-------------+---------+-----------+-------+
Listening on UUID daemon activation socket.
[[0;32m  OK  [0m] Started Daily Cleanup of Temporary Directories.
         Starting Socket activation for snappy daemon.
[[0;32m  OK  [0m] Started Ubuntu Advantage update messaging.
         Starting LXD - unix socket.
[[0;32m  OK  [0m] Started Daily apt upgrade and clean activities.
[[0;32m  OK  [0m] Reached target Timers.
[[0;32m  OK  [0m] Listening on ACPID Listen Socket.
[[0;32m  OK  [0m] Reached target Network is Online.
         Starting iSCSI initiator daemon (iscsid)...
[[0;32m  OK  [0m] Listening on Socket activation for snappy daemon.
[[0;32m  OK  [0m] Listening on LXD - unix socket.
[[0;32m  OK  [0m] Reached target Sockets.
[[0;32m  OK  [0m] Reached target Basic System.
         Starting Virtualbox guest utils...
         Starting System Logging Service...
         Starting /etc/rc.local Compatibility...
         Starting Thermal Daemon Service...
         Starting LSB: Record successful boot for GRUB...
         Starting LSB: MD monitoring daemon...
[[0;32m  OK  [0m] Started FUSE filesystem for LXC.
[[0;32m  OK  [0m] Started Regular background program processing daemon.
         Starting Snap Daemon...
         Starting Accounts Service...
[[0;32m  OK  [0m] Started D-Bus System Message Bus.
         Starting Login Service...
         Starting LXD - container startup/shutdown...
[[0;32m  OK  [0m] Started Deferred execution scheduler.
         Starting OpenBSD Secure Shell server...
[[0;32m  OK  [0m] Started ACPI event daemon.
[[0;32m  OK  [0m] Started System Logging Service.
[[0;32m  OK  [0m] Started /etc/rc.local Compatibility.
[[0;32m  OK  [0m] Started Thermal Daemon Service.
[[0;32m  OK  [0m] Started iSCSI initiator daemon (iscsid).
[[0;32m  OK  [0m] Started OpenBSD Secure Shell server.
[[0;32m  OK  [0m] Started Login Service.
[[0;32m  OK  [0m] Started Unattended Upgrades Shutdown.
         Starting Login to default iSCSI targets...
         Starting Authenticate and Authorize Users to Run Privileged Tasks...
[[0;32m  OK  [0m] Started LSB: MD monitoring daemon.
[[0;32m  OK  [0m] Started LSB: Record successful boot for GRUB.
[[0;32m  OK  [0m] Started Authenticate and Authorize Users to Run Privileged Tasks.
[[0;32m  OK  [0m] Started Accounts Service.
[[0;32m  OK  [0m] Started Login to default iSCSI targets.
[[0;32m  OK  [0m] Reached target Remote File Systems (Pre).
         Mounting /vagrant...
[[0;1;31mFAILED[0m] Failed to start Virtualbox guest utils.
See 'systemctl status virtualbox-guest-utils.service' for details.
[[0;32m  OK  [0m] Started LXD - container startup/shutdown.
[[0;32m  OK  [0m] Mounted /vagrant.
[[0;32m  OK  [0m] Reached target Remote File Systems.
         Starting LSB: daemon to balance interrupts for SMP systems...
         Starting Permit User Sessions...
         Starting LSB: Set the CPU Frequency Scaling governor to "ondemand"...
         Starting LSB: automatic crash report generation...
[[0;32m  OK  [0m] Started Permit User Sessions.
         Starting Hold until boot process finishes up...
         Starting Terminate Plymouth Boot Screen...
[[0;32m  OK  [0m] Started Hold until boot process finishes up.
         Starting Set console scheme...
[[0;32m  OK  [0m] Started Getty on tty1.
[[0;32m  OK  [0m] Started Serial Getty on ttyS0.
[[0;32m  OK  [0m] Reached target Login Prompts.
[[0;32m  OK  [0m] Started LSB: Set the CPU Frequency Scaling governor to "ondemand".
[[0;32m  OK  [0m] Started Terminate Plymouth Boot Screen.
[[0;32m  OK  [0m] Started Set console scheme.
[[0;32m  OK  [0m] Started LSB: daemon to balance interrupts for SMP systems.
[[0;32m  OK  [0m] Started LSB: automatic crash report generation.
[[0;32m  OK  [0m] Started Snap Daemon.
         Starting Wait until snapd is fully seeded...
[[0;32m  OK  [0m] Started Wait until snapd is fully seeded.
         Starting Apply the settings specified in cloud-config...
[[0;32m  OK  [0m] Reached target Multi-User System.
[[0;32m  OK  [0m] Reached target Graphical Interface.
         Starting Update UTMP about System Runlevel Changes...
[[0;32m  OK  [0m] Started Update UTMP about System Runlevel Changes.
[   36.785089] cloud-init[1644]: Cloud-init v. 21.1-19-gbad84ad4-0ubuntu1~16.04.2 running 'modules:config' at Wed, 29 Jan 2025 08:59:30 +0000. Up 36.67 seconds.
[[0;32m  OK  [0m] Started Apply the settings specified in cloud-config.
         Starting Execute cloud user/final scripts...
[   37.225194] cloud-init[1698]: Cloud-init v. 21.1-19-gbad84ad4-0ubuntu1~16.04.2 running 'modules:final' at Wed, 29 Jan 2025 08:59:30 +0000. Up 37.09 seconds.
[   37.246046] cloud-init[1698]: Cloud-init v. 21.1-19-gbad84ad4-0ubuntu1~16.04.2 finished at Wed, 29 Jan 2025 08:59:30 +0000. Datasource DataSourceNoCloud [seed=/dev/sdb][dsmode=net].  Up 37.21 seconds
[[0;32m  OK  [0m] Started Execute cloud user/final scripts.
[[0;32m  OK  [0m] Reached target Cloud-init target.

Ubuntu 16.04.7 LTS ubuntu-xenial ttyS0

ubuntu-xenial login: 